Copyright 1986-2016 Xilinx, Inc. All Rights Reserved.
------------------------------------------------------------------------------------
| Tool Version : Vivado v.2016.4 (win64) Build 1733598 Wed Dec 14 22:35:39 MST 2016
| Date         : Wed Feb 01 14:55:34 2017
| Host         : GILAMONSTER running 64-bit major release  (build 9200)
| Command      : report_drc -file csi_rx_4lane_drc_opted.rpt
| Design       : csi_rx_4lane
| Device       : xc7z010clg400-1
| Speed File   : -1
| Design State : Synthesized
------------------------------------------------------------------------------------

Report DRC

Table of Contents
-----------------
1. REPORT SUMMARY
2. REPORT DETAILS

1. REPORT SUMMARY
-----------------
            Netlist: netlist
          Floorplan: design_1
      Design limits: <entire design considered>
           Ruledeck: default
             Max violations: <unlimited>
             Violations found: 56
+------------+------------------+---------------------------------+------------+
| Rule       | Severity         | Description                     | Violations |
+------------+------------------+---------------------------------+------------+
| PLIDC-10   | Error            | IDELAYCTRL missing for IODELAYs | 1          |
| NSTD-1     | Critical Warning | Unspecified I/O Standard        | 1          |
| UCIO-1     | Critical Warning | Unconstrained Logical Port      | 1          |
| CHECK-3    | Warning          | Report rule limit reached       | 2          |
| PORTPROP-2 | Warning          | selectio_diff_term              | 10         |
| REQP-1839  | Warning          | RAMB36 async control check      | 20         |
| REQP-1840  | Warning          | RAMB18 async control check      | 20         |
| ZPS7-1     | Warning          | PS7 block required              | 1          |
+------------+------------------+---------------------------------+------------+

2. REPORT DETAILS
-----------------
PLIDC-10#1 Error
IDELAYCTRL missing for IODELAYs  
There are 4 IDELAY/ODELAY/IODELAY cells in the design which requires IDelayCtrl, but there is no IDelayCtrl cell
Related violations: <none>

NSTD-1#1 Critical Warning
Unspecified I/O Standard  
61 out of 61 logical ports use I/O standard (IOSTANDARD) value 'DEFAULT', instead of a user assigned specific value. This may cause I/O contention or incompatibility with the board power or connectivity affecting performance, signal integrity or in extreme cases cause damage to the device or the components to which it is connected. To correct this violation, specify all I/O standards. This design will fail to generate a bitstream unless all logical ports have a user specified I/O standard value defined. To allow bitstream creation with unspecified I/O standard values (not recommended), use this command: set_property SEVERITY {Warning} [get_drc_checks NSTD-1].  NOTE: When using the Vivado Runs infrastructure (e.g. launch_runs Tcl command), add this command to a .tcl file and add that file as a pre-hook for write_bitstream step for the implementation run. Problem ports: dphy_clk[1:0], dphy_d0[1:0], dphy_d1[1:0], dphy_d2[1:0], dphy_d3[1:0], video_data[19:0], video_prev_line_data[19:0], ref_clock_in, pixel_clock_in, byte_clock_out, enable, reset, video_valid, video_hsync, video_vsync (the first 15 of 18 listed).
Related violations: <none>

UCIO-1#1 Critical Warning
Unconstrained Logical Port  
61 out of 61 logical ports have no user assigned specific location constraint (LOC). This may cause I/O contention or incompatibility with the board power or connectivity affecting performance, signal integrity or in extreme cases cause damage to the device or the components to which it is connected. To correct this violation, specify all pin locations. This design will fail to generate a bitstream unless all logical ports have a user specified site LOC constraint defined.  To allow bitstream creation with unspecified pin locations (not recommended), use this command: set_property SEVERITY {Warning} [get_drc_checks UCIO-1].  NOTE: When using the Vivado Runs infrastructure (e.g. launch_runs Tcl command), add this command to a .tcl file and add that file as a pre-hook for write_bitstream step for the implementation run.  Problem ports: dphy_clk[1:0], dphy_d0[1:0], dphy_d1[1:0], dphy_d2[1:0], dphy_d3[1:0], video_data[19:0], video_prev_line_data[19:0], ref_clock_in, pixel_clock_in, byte_clock_out, enable, reset, video_valid, video_hsync, video_vsync (the first 15 of 18 listed).
Related violations: <none>

CHECK-3#1 Warning
Report rule limit reached  
REQP-1839 rule limit reached: 20 violations have been found.
Related violations: <none>

CHECK-3#2 Warning
Report rule limit reached  
REQP-1840 rule limit reached: 20 violations have been found.
Related violations: <none>

PORTPROP-2#1 Warning
selectio_diff_term  
The port dphy_clk[0] has an invalid DIFF_TERM property value. For the target architecture, IOSTANDARD value DIFF_HSTL_II_18 does not support on-chip input differential termination. The DIFF_TERM property value will be ignored.
Related violations: <none>

PORTPROP-2#2 Warning
selectio_diff_term  
The port dphy_clk[1] has an invalid DIFF_TERM property value. For the target architecture, IOSTANDARD value DIFF_HSTL_II_18 does not support on-chip input differential termination. The DIFF_TERM property value will be ignored.
Related violations: <none>

PORTPROP-2#3 Warning
selectio_diff_term  
The port dphy_d0[0] has an invalid DIFF_TERM property value. For the target architecture, IOSTANDARD value DIFF_HSTL_II_18 does not support on-chip input differential termination. The DIFF_TERM property value will be ignored.
Related violations: <none>

PORTPROP-2#4 Warning
selectio_diff_term  
The port dphy_d0[1] has an invalid DIFF_TERM property value. For the target architecture, IOSTANDARD value DIFF_HSTL_II_18 does not support on-chip input differential termination. The DIFF_TERM property value will be ignored.
Related violations: <none>

PORTPROP-2#5 Warning
selectio_diff_term  
The port dphy_d1[0] has an invalid DIFF_TERM property value. For the target architecture, IOSTANDARD value DIFF_HSTL_II_18 does not support on-chip input differential termination. The DIFF_TERM property value will be ignored.
Related violations: <none>

PORTPROP-2#6 Warning
selectio_diff_term  
The port dphy_d1[1] has an invalid DIFF_TERM property value. For the target architecture, IOSTANDARD value DIFF_HSTL_II_18 does not support on-chip input differential termination. The DIFF_TERM property value will be ignored.
Related violations: <none>

PORTPROP-2#7 Warning
selectio_diff_term  
The port dphy_d2[0] has an invalid DIFF_TERM property value. For the target architecture, IOSTANDARD value DIFF_HSTL_II_18 does not support on-chip input differential termination. The DIFF_TERM property value will be ignored.
Related violations: <none>

PORTPROP-2#8 Warning
selectio_diff_term  
The port dphy_d2[1] has an invalid DIFF_TERM property value. For the target architecture, IOSTANDARD value DIFF_HSTL_II_18 does not support on-chip input differential termination. The DIFF_TERM property value will be ignored.
Related violations: <none>

PORTPROP-2#9 Warning
selectio_diff_term  
The port dphy_d3[0] has an invalid DIFF_TERM property value. For the target architecture, IOSTANDARD value DIFF_HSTL_II_18 does not support on-chip input differential termination. The DIFF_TERM property value will be ignored.
Related violations: <none>

PORTPROP-2#10 Warning
selectio_diff_term  
The port dphy_d3[1] has an invalid DIFF_TERM property value. For the target architecture, IOSTANDARD value DIFF_HSTL_II_18 does not support on-chip input differential termination. The DIFF_TERM property value will be ignored.
Related violations: <none>

REQP-1839#1 Warning
RAMB36 async control check  
The RAMB36E1 vout/even_linebuf/linebuf_reg_0 has an input control pin vout/even_linebuf/linebuf_reg_0/ADDRBWRADDR[12] (net: vout/even_linebuf/linebuf_read_address[6]) which is driven by a register (vout/output_timing/h_pos_reg[2]) that has an active asychronous set or reset. This may cause corruption of the memory contents and/or read values when the set/reset is asserted and is not analyzed by the default static timing analysis. It is suggested to eliminate the use of a set/reset to registers driving this RAMB pin or else use a synchronous reset in which the assertion of the reset is timed by default.
Related violations: <none>

REQP-1839#2 Warning
RAMB36 async control check  
The RAMB36E1 vout/even_linebuf/linebuf_reg_0 has an input control pin vout/even_linebuf/linebuf_reg_0/ADDRBWRADDR[12] (net: vout/even_linebuf/linebuf_read_address[6]) which is driven by a register (vout/output_timing/h_pos_reg[3]) that has an active asychronous set or reset. This may cause corruption of the memory contents and/or read values when the set/reset is asserted and is not analyzed by the default static timing analysis. It is suggested to eliminate the use of a set/reset to registers driving this RAMB pin or else use a synchronous reset in which the assertion of the reset is timed by default.
Related violations: <none>

REQP-1839#3 Warning
RAMB36 async control check  
The RAMB36E1 vout/even_linebuf/linebuf_reg_0 has an input control pin vout/even_linebuf/linebuf_reg_0/ADDRBWRADDR[12] (net: vout/even_linebuf/linebuf_read_address[6]) which is driven by a register (vout/output_timing/h_pos_reg[4]) that has an active asychronous set or reset. This may cause corruption of the memory contents and/or read values when the set/reset is asserted and is not analyzed by the default static timing analysis. It is suggested to eliminate the use of a set/reset to registers driving this RAMB pin or else use a synchronous reset in which the assertion of the reset is timed by default.
Related violations: <none>

REQP-1839#4 Warning
RAMB36 async control check  
The RAMB36E1 vout/even_linebuf/linebuf_reg_0 has an input control pin vout/even_linebuf/linebuf_reg_0/ADDRBWRADDR[13] (net: vout/even_linebuf/linebuf_read_address[7]) which is driven by a register (vout/output_timing/h_pos_reg[2]) that has an active asychronous set or reset. This may cause corruption of the memory contents and/or read values when the set/reset is asserted and is not analyzed by the default static timing analysis. It is suggested to eliminate the use of a set/reset to registers driving this RAMB pin or else use a synchronous reset in which the assertion of the reset is timed by default.
Related violations: <none>

REQP-1839#5 Warning
RAMB36 async control check  
The RAMB36E1 vout/even_linebuf/linebuf_reg_0 has an input control pin vout/even_linebuf/linebuf_reg_0/ADDRBWRADDR[13] (net: vout/even_linebuf/linebuf_read_address[7]) which is driven by a register (vout/output_timing/h_pos_reg[3]) that has an active asychronous set or reset. This may cause corruption of the memory contents and/or read values when the set/reset is asserted and is not analyzed by the default static timing analysis. It is suggested to eliminate the use of a set/reset to registers driving this RAMB pin or else use a synchronous reset in which the assertion of the reset is timed by default.
Related violations: <none>

REQP-1839#6 Warning
RAMB36 async control check  
The RAMB36E1 vout/even_linebuf/linebuf_reg_0 has an input control pin vout/even_linebuf/linebuf_reg_0/ADDRBWRADDR[13] (net: vout/even_linebuf/linebuf_read_address[7]) which is driven by a register (vout/output_timing/h_pos_reg[4]) that has an active asychronous set or reset. This may cause corruption of the memory contents and/or read values when the set/reset is asserted and is not analyzed by the default static timing analysis. It is suggested to eliminate the use of a set/reset to registers driving this RAMB pin or else use a synchronous reset in which the assertion of the reset is timed by default.
Related violations: <none>

REQP-1839#7 Warning
RAMB36 async control check  
The RAMB36E1 vout/even_linebuf/linebuf_reg_0 has an input control pin vout/even_linebuf/linebuf_reg_0/ADDRBWRADDR[13] (net: vout/even_linebuf/linebuf_read_address[7]) which is driven by a register (vout/output_timing/h_pos_reg[5]) that has an active asychronous set or reset. This may cause corruption of the memory contents and/or read values when the set/reset is asserted and is not analyzed by the default static timing analysis. It is suggested to eliminate the use of a set/reset to registers driving this RAMB pin or else use a synchronous reset in which the assertion of the reset is timed by default.
Related violations: <none>

REQP-1839#8 Warning
RAMB36 async control check  
The RAMB36E1 vout/even_linebuf/linebuf_reg_0 has an input control pin vout/even_linebuf/linebuf_reg_0/ADDRBWRADDR[13] (net: vout/even_linebuf/linebuf_read_address[7]) which is driven by a register (vout/output_timing/h_pos_reg[6]) that has an active asychronous set or reset. This may cause corruption of the memory contents and/or read values when the set/reset is asserted and is not analyzed by the default static timing analysis. It is suggested to eliminate the use of a set/reset to registers driving this RAMB pin or else use a synchronous reset in which the assertion of the reset is timed by default.
Related violations: <none>

REQP-1839#9 Warning
RAMB36 async control check  
The RAMB36E1 vout/even_linebuf/linebuf_reg_0 has an input control pin vout/even_linebuf/linebuf_reg_0/ADDRBWRADDR[13] (net: vout/even_linebuf/linebuf_read_address[7]) which is driven by a register (vout/output_timing/h_pos_reg[7]) that has an active asychronous set or reset. This may cause corruption of the memory contents and/or read values when the set/reset is asserted and is not analyzed by the default static timing analysis. It is suggested to eliminate the use of a set/reset to registers driving this RAMB pin or else use a synchronous reset in which the assertion of the reset is timed by default.
Related violations: <none>

REQP-1839#10 Warning
RAMB36 async control check  
The RAMB36E1 vout/even_linebuf/linebuf_reg_0 has an input control pin vout/even_linebuf/linebuf_reg_0/ADDRBWRADDR[13] (net: vout/even_linebuf/linebuf_read_address[7]) which is driven by a register (vout/output_timing/h_pos_reg[8]) that has an active asychronous set or reset. This may cause corruption of the memory contents and/or read values when the set/reset is asserted and is not analyzed by the default static timing analysis. It is suggested to eliminate the use of a set/reset to registers driving this RAMB pin or else use a synchronous reset in which the assertion of the reset is timed by default.
Related violations: <none>

REQP-1839#11 Warning
RAMB36 async control check  
The RAMB36E1 vout/even_linebuf/linebuf_reg_0 has an input control pin vout/even_linebuf/linebuf_reg_0/ADDRBWRADDR[13] (net: vout/even_linebuf/linebuf_read_address[7]) which is driven by a register (vout/output_timing/h_pos_reg[9]) that has an active asychronous set or reset. This may cause corruption of the memory contents and/or read values when the set/reset is asserted and is not analyzed by the default static timing analysis. It is suggested to eliminate the use of a set/reset to registers driving this RAMB pin or else use a synchronous reset in which the assertion of the reset is timed by default.
Related violations: <none>

REQP-1839#12 Warning
RAMB36 async control check  
The RAMB36E1 vout/even_linebuf/linebuf_reg_0 has an input control pin vout/even_linebuf/linebuf_reg_0/ADDRBWRADDR[14] (net: vout/even_linebuf/linebuf_read_address[8]) which is driven by a register (vout/output_timing/h_pos_reg[10]) that has an active asychronous set or reset. This may cause corruption of the memory contents and/or read values when the set/reset is asserted and is not analyzed by the default static timing analysis. It is suggested to eliminate the use of a set/reset to registers driving this RAMB pin or else use a synchronous reset in which the assertion of the reset is timed by default.
Related violations: <none>

REQP-1839#13 Warning
RAMB36 async control check  
The RAMB36E1 vout/even_linebuf/linebuf_reg_0 has an input control pin vout/even_linebuf/linebuf_reg_0/ADDRBWRADDR[14] (net: vout/even_linebuf/linebuf_read_address[8]) which is driven by a register (vout/output_timing/h_pos_reg[2]) that has an active asychronous set or reset. This may cause corruption of the memory contents and/or read values when the set/reset is asserted and is not analyzed by the default static timing analysis. It is suggested to eliminate the use of a set/reset to registers driving this RAMB pin or else use a synchronous reset in which the assertion of the reset is timed by default.
Related violations: <none>

REQP-1839#14 Warning
RAMB36 async control check  
The RAMB36E1 vout/even_linebuf/linebuf_reg_0 has an input control pin vout/even_linebuf/linebuf_reg_0/ADDRBWRADDR[14] (net: vout/even_linebuf/linebuf_read_address[8]) which is driven by a register (vout/output_timing/h_pos_reg[3]) that has an active asychronous set or reset. This may cause corruption of the memory contents and/or read values when the set/reset is asserted and is not analyzed by the default static timing analysis. It is suggested to eliminate the use of a set/reset to registers driving this RAMB pin or else use a synchronous reset in which the assertion of the reset is timed by default.
Related violations: <none>

REQP-1839#15 Warning
RAMB36 async control check  
The RAMB36E1 vout/even_linebuf/linebuf_reg_0 has an input control pin vout/even_linebuf/linebuf_reg_0/ADDRBWRADDR[14] (net: vout/even_linebuf/linebuf_read_address[8]) which is driven by a register (vout/output_timing/h_pos_reg[4]) that has an active asychronous set or reset. This may cause corruption of the memory contents and/or read values when the set/reset is asserted and is not analyzed by the default static timing analysis. It is suggested to eliminate the use of a set/reset to registers driving this RAMB pin or else use a synchronous reset in which the assertion of the reset is timed by default.
Related violations: <none>

REQP-1839#16 Warning
RAMB36 async control check  
The RAMB36E1 vout/even_linebuf/linebuf_reg_0 has an input control pin vout/even_linebuf/linebuf_reg_0/ADDRBWRADDR[14] (net: vout/even_linebuf/linebuf_read_address[8]) which is driven by a register (vout/output_timing/h_pos_reg[5]) that has an active asychronous set or reset. This may cause corruption of the memory contents and/or read values when the set/reset is asserted and is not analyzed by the default static timing analysis. It is suggested to eliminate the use of a set/reset to registers driving this RAMB pin or else use a synchronous reset in which the assertion of the reset is timed by default.
Related violations: <none>

REQP-1839#17 Warning
RAMB36 async control check  
The RAMB36E1 vout/even_linebuf/linebuf_reg_0 has an input control pin vout/even_linebuf/linebuf_reg_0/ADDRBWRADDR[14] (net: vout/even_linebuf/linebuf_read_address[8]) which is driven by a register (vout/output_timing/h_pos_reg[6]) that has an active asychronous set or reset. This may cause corruption of the memory contents and/or read values when the set/reset is asserted and is not analyzed by the default static timing analysis. It is suggested to eliminate the use of a set/reset to registers driving this RAMB pin or else use a synchronous reset in which the assertion of the reset is timed by default.
Related violations: <none>

REQP-1839#18 Warning
RAMB36 async control check  
The RAMB36E1 vout/even_linebuf/linebuf_reg_0 has an input control pin vout/even_linebuf/linebuf_reg_0/ADDRBWRADDR[14] (net: vout/even_linebuf/linebuf_read_address[8]) which is driven by a register (vout/output_timing/h_pos_reg[7]) that has an active asychronous set or reset. This may cause corruption of the memory contents and/or read values when the set/reset is asserted and is not analyzed by the default static timing analysis. It is suggested to eliminate the use of a set/reset to registers driving this RAMB pin or else use a synchronous reset in which the assertion of the reset is timed by default.
Related violations: <none>

REQP-1839#19 Warning
RAMB36 async control check  
The RAMB36E1 vout/even_linebuf/linebuf_reg_0 has an input control pin vout/even_linebuf/linebuf_reg_0/ADDRBWRADDR[14] (net: vout/even_linebuf/linebuf_read_address[8]) which is driven by a register (vout/output_timing/h_pos_reg[8]) that has an active asychronous set or reset. This may cause corruption of the memory contents and/or read values when the set/reset is asserted and is not analyzed by the default static timing analysis. It is suggested to eliminate the use of a set/reset to registers driving this RAMB pin or else use a synchronous reset in which the assertion of the reset is timed by default.
Related violations: <none>

REQP-1839#20 Warning
RAMB36 async control check  
The RAMB36E1 vout/even_linebuf/linebuf_reg_0 has an input control pin vout/even_linebuf/linebuf_reg_0/ADDRBWRADDR[14] (net: vout/even_linebuf/linebuf_read_address[8]) which is driven by a register (vout/output_timing/h_pos_reg[9]) that has an active asychronous set or reset. This may cause corruption of the memory contents and/or read values when the set/reset is asserted and is not analyzed by the default static timing analysis. It is suggested to eliminate the use of a set/reset to registers driving this RAMB pin or else use a synchronous reset in which the assertion of the reset is timed by default.
Related violations: <none>

REQP-1840#1 Warning
RAMB18 async control check  
The RAMB18E1 vout/even_linebuf/linebuf_reg_1 has an input control pin vout/even_linebuf/linebuf_reg_1/ADDRBWRADDR[11] (net: vout/even_linebuf/linebuf_read_address[6]) which is driven by a register (vout/output_timing/h_pos_reg[2]) that has an active asychronous set or reset. This may cause corruption of the memory contents and/or read values when the set/reset is asserted and is not analyzed by the default static timing analysis. It is suggested to eliminate the use of a set/reset to registers driving this RAMB pin or else use a synchronous reset in which the assertion of the reset is timed by default.
Related violations: <none>

REQP-1840#2 Warning
RAMB18 async control check  
The RAMB18E1 vout/even_linebuf/linebuf_reg_1 has an input control pin vout/even_linebuf/linebuf_reg_1/ADDRBWRADDR[11] (net: vout/even_linebuf/linebuf_read_address[6]) which is driven by a register (vout/output_timing/h_pos_reg[3]) that has an active asychronous set or reset. This may cause corruption of the memory contents and/or read values when the set/reset is asserted and is not analyzed by the default static timing analysis. It is suggested to eliminate the use of a set/reset to registers driving this RAMB pin or else use a synchronous reset in which the assertion of the reset is timed by default.
Related violations: <none>

REQP-1840#3 Warning
RAMB18 async control check  
The RAMB18E1 vout/even_linebuf/linebuf_reg_1 has an input control pin vout/even_linebuf/linebuf_reg_1/ADDRBWRADDR[11] (net: vout/even_linebuf/linebuf_read_address[6]) which is driven by a register (vout/output_timing/h_pos_reg[4]) that has an active asychronous set or reset. This may cause corruption of the memory contents and/or read values when the set/reset is asserted and is not analyzed by the default static timing analysis. It is suggested to eliminate the use of a set/reset to registers driving this RAMB pin or else use a synchronous reset in which the assertion of the reset is timed by default.
Related violations: <none>

REQP-1840#4 Warning
RAMB18 async control check  
The RAMB18E1 vout/even_linebuf/linebuf_reg_1 has an input control pin vout/even_linebuf/linebuf_reg_1/ADDRBWRADDR[12] (net: vout/even_linebuf/linebuf_read_address[7]) which is driven by a register (vout/output_timing/h_pos_reg[2]) that has an active asychronous set or reset. This may cause corruption of the memory contents and/or read values when the set/reset is asserted and is not analyzed by the default static timing analysis. It is suggested to eliminate the use of a set/reset to registers driving this RAMB pin or else use a synchronous reset in which the assertion of the reset is timed by default.
Related violations: <none>

REQP-1840#5 Warning
RAMB18 async control check  
The RAMB18E1 vout/even_linebuf/linebuf_reg_1 has an input control pin vout/even_linebuf/linebuf_reg_1/ADDRBWRADDR[12] (net: vout/even_linebuf/linebuf_read_address[7]) which is driven by a register (vout/output_timing/h_pos_reg[3]) that has an active asychronous set or reset. This may cause corruption of the memory contents and/or read values when the set/reset is asserted and is not analyzed by the default static timing analysis. It is suggested to eliminate the use of a set/reset to registers driving this RAMB pin or else use a synchronous reset in which the assertion of the reset is timed by default.
Related violations: <none>

REQP-1840#6 Warning
RAMB18 async control check  
The RAMB18E1 vout/even_linebuf/linebuf_reg_1 has an input control pin vout/even_linebuf/linebuf_reg_1/ADDRBWRADDR[12] (net: vout/even_linebuf/linebuf_read_address[7]) which is driven by a register (vout/output_timing/h_pos_reg[4]) that has an active asychronous set or reset. This may cause corruption of the memory contents and/or read values when the set/reset is asserted and is not analyzed by the default static timing analysis. It is suggested to eliminate the use of a set/reset to registers driving this RAMB pin or else use a synchronous reset in which the assertion of the reset is timed by default.
Related violations: <none>

REQP-1840#7 Warning
RAMB18 async control check  
The RAMB18E1 vout/even_linebuf/linebuf_reg_1 has an input control pin vout/even_linebuf/linebuf_reg_1/ADDRBWRADDR[12] (net: vout/even_linebuf/linebuf_read_address[7]) which is driven by a register (vout/output_timing/h_pos_reg[5]) that has an active asychronous set or reset. This may cause corruption of the memory contents and/or read values when the set/reset is asserted and is not analyzed by the default static timing analysis. It is suggested to eliminate the use of a set/reset to registers driving this RAMB pin or else use a synchronous reset in which the assertion of the reset is timed by default.
Related violations: <none>

REQP-1840#8 Warning
RAMB18 async control check  
The RAMB18E1 vout/even_linebuf/linebuf_reg_1 has an input control pin vout/even_linebuf/linebuf_reg_1/ADDRBWRADDR[12] (net: vout/even_linebuf/linebuf_read_address[7]) which is driven by a register (vout/output_timing/h_pos_reg[6]) that has an active asychronous set or reset. This may cause corruption of the memory contents and/or read values when the set/reset is asserted and is not analyzed by the default static timing analysis. It is suggested to eliminate the use of a set/reset to registers driving this RAMB pin or else use a synchronous reset in which the assertion of the reset is timed by default.
Related violations: <none>

REQP-1840#9 Warning
RAMB18 async control check  
The RAMB18E1 vout/even_linebuf/linebuf_reg_1 has an input control pin vout/even_linebuf/linebuf_reg_1/ADDRBWRADDR[12] (net: vout/even_linebuf/linebuf_read_address[7]) which is driven by a register (vout/output_timing/h_pos_reg[7]) that has an active asychronous set or reset. This may cause corruption of the memory contents and/or read values when the set/reset is asserted and is not analyzed by the default static timing analysis. It is suggested to eliminate the use of a set/reset to registers driving this RAMB pin or else use a synchronous reset in which the assertion of the reset is timed by default.
Related violations: <none>

REQP-1840#10 Warning
RAMB18 async control check  
The RAMB18E1 vout/even_linebuf/linebuf_reg_1 has an input control pin vout/even_linebuf/linebuf_reg_1/ADDRBWRADDR[12] (net: vout/even_linebuf/linebuf_read_address[7]) which is driven by a register (vout/output_timing/h_pos_reg[8]) that has an active asychronous set or reset. This may cause corruption of the memory contents and/or read values when the set/reset is asserted and is not analyzed by the default static timing analysis. It is suggested to eliminate the use of a set/reset to registers driving this RAMB pin or else use a synchronous reset in which the assertion of the reset is timed by default.
Related violations: <none>

REQP-1840#11 Warning
RAMB18 async control check  
The RAMB18E1 vout/even_linebuf/linebuf_reg_1 has an input control pin vout/even_linebuf/linebuf_reg_1/ADDRBWRADDR[12] (net: vout/even_linebuf/linebuf_read_address[7]) which is driven by a register (vout/output_timing/h_pos_reg[9]) that has an active asychronous set or reset. This may cause corruption of the memory contents and/or read values when the set/reset is asserted and is not analyzed by the default static timing analysis. It is suggested to eliminate the use of a set/reset to registers driving this RAMB pin or else use a synchronous reset in which the assertion of the reset is timed by default.
Related violations: <none>

REQP-1840#12 Warning
RAMB18 async control check  
The RAMB18E1 vout/even_linebuf/linebuf_reg_1 has an input control pin vout/even_linebuf/linebuf_reg_1/ADDRBWRADDR[13] (net: vout/even_linebuf/linebuf_read_address[8]) which is driven by a register (vout/output_timing/h_pos_reg[10]) that has an active asychronous set or reset. This may cause corruption of the memory contents and/or read values when the set/reset is asserted and is not analyzed by the default static timing analysis. It is suggested to eliminate the use of a set/reset to registers driving this RAMB pin or else use a synchronous reset in which the assertion of the reset is timed by default.
Related violations: <none>

REQP-1840#13 Warning
RAMB18 async control check  
The RAMB18E1 vout/even_linebuf/linebuf_reg_1 has an input control pin vout/even_linebuf/linebuf_reg_1/ADDRBWRADDR[13] (net: vout/even_linebuf/linebuf_read_address[8]) which is driven by a register (vout/output_timing/h_pos_reg[2]) that has an active asychronous set or reset. This may cause corruption of the memory contents and/or read values when the set/reset is asserted and is not analyzed by the default static timing analysis. It is suggested to eliminate the use of a set/reset to registers driving this RAMB pin or else use a synchronous reset in which the assertion of the reset is timed by default.
Related violations: <none>

REQP-1840#14 Warning
RAMB18 async control check  
The RAMB18E1 vout/even_linebuf/linebuf_reg_1 has an input control pin vout/even_linebuf/linebuf_reg_1/ADDRBWRADDR[13] (net: vout/even_linebuf/linebuf_read_address[8]) which is driven by a register (vout/output_timing/h_pos_reg[3]) that has an active asychronous set or reset. This may cause corruption of the memory contents and/or read values when the set/reset is asserted and is not analyzed by the default static timing analysis. It is suggested to eliminate the use of a set/reset to registers driving this RAMB pin or else use a synchronous reset in which the assertion of the reset is timed by default.
Related violations: <none>

REQP-1840#15 Warning
RAMB18 async control check  
The RAMB18E1 vout/even_linebuf/linebuf_reg_1 has an input control pin vout/even_linebuf/linebuf_reg_1/ADDRBWRADDR[13] (net: vout/even_linebuf/linebuf_read_address[8]) which is driven by a register (vout/output_timing/h_pos_reg[4]) that has an active asychronous set or reset. This may cause corruption of the memory contents and/or read values when the set/reset is asserted and is not analyzed by the default static timing analysis. It is suggested to eliminate the use of a set/reset to registers driving this RAMB pin or else use a synchronous reset in which the assertion of the reset is timed by default.
Related violations: <none>

REQP-1840#16 Warning
RAMB18 async control check  
The RAMB18E1 vout/even_linebuf/linebuf_reg_1 has an input control pin vout/even_linebuf/linebuf_reg_1/ADDRBWRADDR[13] (net: vout/even_linebuf/linebuf_read_address[8]) which is driven by a register (vout/output_timing/h_pos_reg[5]) that has an active asychronous set or reset. This may cause corruption of the memory contents and/or read values when the set/reset is asserted and is not analyzed by the default static timing analysis. It is suggested to eliminate the use of a set/reset to registers driving this RAMB pin or else use a synchronous reset in which the assertion of the reset is timed by default.
Related violations: <none>

REQP-1840#17 Warning
RAMB18 async control check  
The RAMB18E1 vout/even_linebuf/linebuf_reg_1 has an input control pin vout/even_linebuf/linebuf_reg_1/ADDRBWRADDR[13] (net: vout/even_linebuf/linebuf_read_address[8]) which is driven by a register (vout/output_timing/h_pos_reg[6]) that has an active asychronous set or reset. This may cause corruption of the memory contents and/or read values when the set/reset is asserted and is not analyzed by the default static timing analysis. It is suggested to eliminate the use of a set/reset to registers driving this RAMB pin or else use a synchronous reset in which the assertion of the reset is timed by default.
Related violations: <none>

REQP-1840#18 Warning
RAMB18 async control check  
The RAMB18E1 vout/even_linebuf/linebuf_reg_1 has an input control pin vout/even_linebuf/linebuf_reg_1/ADDRBWRADDR[13] (net: vout/even_linebuf/linebuf_read_address[8]) which is driven by a register (vout/output_timing/h_pos_reg[7]) that has an active asychronous set or reset. This may cause corruption of the memory contents and/or read values when the set/reset is asserted and is not analyzed by the default static timing analysis. It is suggested to eliminate the use of a set/reset to registers driving this RAMB pin or else use a synchronous reset in which the assertion of the reset is timed by default.
Related violations: <none>

REQP-1840#19 Warning
RAMB18 async control check  
The RAMB18E1 vout/even_linebuf/linebuf_reg_1 has an input control pin vout/even_linebuf/linebuf_reg_1/ADDRBWRADDR[13] (net: vout/even_linebuf/linebuf_read_address[8]) which is driven by a register (vout/output_timing/h_pos_reg[8]) that has an active asychronous set or reset. This may cause corruption of the memory contents and/or read values when the set/reset is asserted and is not analyzed by the default static timing analysis. It is suggested to eliminate the use of a set/reset to registers driving this RAMB pin or else use a synchronous reset in which the assertion of the reset is timed by default.
Related violations: <none>

REQP-1840#20 Warning
RAMB18 async control check  
The RAMB18E1 vout/even_linebuf/linebuf_reg_1 has an input control pin vout/even_linebuf/linebuf_reg_1/ADDRBWRADDR[13] (net: vout/even_linebuf/linebuf_read_address[8]) which is driven by a register (vout/output_timing/h_pos_reg[9]) that has an active asychronous set or reset. This may cause corruption of the memory contents and/or read values when the set/reset is asserted and is not analyzed by the default static timing analysis. It is suggested to eliminate the use of a set/reset to registers driving this RAMB pin or else use a synchronous reset in which the assertion of the reset is timed by default.
Related violations: <none>

ZPS7-1#1 Warning
PS7 block required  
The PS7 cell must be used in this Zynq design in order to enable correct default configuration.
Related violations: <none>


