
*** Running vivado
    with args -log affine_block_ieee754_fp_adder_subtractor_0_1.vds -m64 -product Vivado -mode batch -messageDb vivado.pb -notrace -source affine_block_ieee754_fp_adder_subtractor_0_1.tcl


****** Vivado v2016.4 (64-bit)
  **** SW Build 1733598 on Wed Dec 14 22:35:39 MST 2016
  **** IP Build 1731160 on Wed Dec 14 23:47:21 MST 2016
    ** Copyright 1986-2016 Xilinx, Inc. All Rights Reserved.

source affine_block_ieee754_fp_adder_subtractor_0_1.tcl -notrace
Command: synth_design -top affine_block_ieee754_fp_adder_subtractor_0_1 -part xc7z010clg400-1 -mode out_of_context
Starting synth_design
Attempting to get a license for feature 'Synthesis' and/or device 'xc7z010'
INFO: [Common 17-349] Got license for feature 'Synthesis' and/or device 'xc7z010'
INFO: Launching helper process for spawning children vivado processes
INFO: Helper process launched with PID 5424 
---------------------------------------------------------------------------------
Starting Synthesize : Time (s): cpu = 00:00:09 ; elapsed = 00:00:10 . Memory (MB): peak = 347.027 ; gain = 137.043
---------------------------------------------------------------------------------
INFO: [Synth 8-638] synthesizing module 'affine_block_ieee754_fp_adder_subtractor_0_1' [c:/ZyboIP/general_ip/affine_transform/affine_transform.srcs/sources_1/bd/affine_block/ip/affine_block_ieee754_fp_adder_subtractor_0_1/synth/affine_block_ieee754_fp_adder_subtractor_0_1.vhd:64]
INFO: [Synth 8-3491] module 'ieee754_fp_adder_subtractor' declared at 'c:/ZyboIP/general_ip/affine_transform/affine_transform.srcs/sources_1/bd/affine_block/ipshared/d9f2/ieee754_fp_adder_subtractor.vhd:13' bound to instance 'U0' of component 'ieee754_fp_adder_subtractor' [c:/ZyboIP/general_ip/affine_transform/affine_transform.srcs/sources_1/bd/affine_block/ip/affine_block_ieee754_fp_adder_subtractor_0_1/synth/affine_block_ieee754_fp_adder_subtractor_0_1.vhd:81]
INFO: [Synth 8-638] synthesizing module 'ieee754_fp_adder_subtractor' [c:/ZyboIP/general_ip/affine_transform/affine_transform.srcs/sources_1/bd/affine_block/ipshared/d9f2/ieee754_fp_adder_subtractor.vhd:21]
INFO: [Synth 8-256] done synthesizing module 'ieee754_fp_adder_subtractor' (1#1) [c:/ZyboIP/general_ip/affine_transform/affine_transform.srcs/sources_1/bd/affine_block/ipshared/d9f2/ieee754_fp_adder_subtractor.vhd:21]
INFO: [Synth 8-256] done synthesizing module 'affine_block_ieee754_fp_adder_subtractor_0_1' (2#1) [c:/ZyboIP/general_ip/affine_transform/affine_transform.srcs/sources_1/bd/affine_block/ip/affine_block_ieee754_fp_adder_subtractor_0_1/synth/affine_block_ieee754_fp_adder_subtractor_0_1.vhd:64]
---------------------------------------------------------------------------------
Finished Synthesize : Time (s): cpu = 00:00:10 ; elapsed = 00:00:11 . Memory (MB): peak = 384.297 ; gain = 174.313
---------------------------------------------------------------------------------
---------------------------------------------------------------------------------
Finished Constraint Validation : Time (s): cpu = 00:00:10 ; elapsed = 00:00:11 . Memory (MB): peak = 384.297 ; gain = 174.313
---------------------------------------------------------------------------------
---------------------------------------------------------------------------------
Start Loading Part and Timing Information
---------------------------------------------------------------------------------
Loading part: xc7z010clg400-1
---------------------------------------------------------------------------------
Finished Loading Part and Timing Information : Time (s): cpu = 00:00:10 ; elapsed = 00:00:11 . Memory (MB): peak = 384.297 ; gain = 174.313
---------------------------------------------------------------------------------
INFO: [Device 21-403] Loading part xc7z010clg400-1
INFO: [Synth 8-5818] HDL ADVISOR - The operator resource <adder> is shared. To prevent sharing consider applying a KEEP on the output of the operator [c:/ZyboIP/general_ip/affine_transform/affine_transform.srcs/sources_1/bd/affine_block/ipshared/d9f2/ieee754_fp_adder_subtractor.vhd:64]
---------------------------------------------------------------------------------
Finished RTL Optimization Phase 2 : Time (s): cpu = 00:00:10 ; elapsed = 00:00:12 . Memory (MB): peak = 401.648 ; gain = 191.664
---------------------------------------------------------------------------------

Report RTL Partitions: 
+-+--------------+------------+----------+
| |RTL Partition |Replication |Instances |
+-+--------------+------------+----------+
+-+--------------+------------+----------+
No constraint files found.
---------------------------------------------------------------------------------
Start RTL Component Statistics 
---------------------------------------------------------------------------------
Detailed RTL Component Info : 
+---Adders : 
	   3 Input     32 Bit       Adders := 1     
	   2 Input     32 Bit       Adders := 1     
	   2 Input     31 Bit       Adders := 2     
	   3 Input     25 Bit       Adders := 1     
	   3 Input      8 Bit       Adders := 1     
+---XORs : 
	   2 Input      1 Bit         XORs := 1     
+---Muxes : 
	   2 Input     32 Bit        Muxes := 2     
	   2 Input     31 Bit        Muxes := 2     
	   2 Input     25 Bit        Muxes := 4     
	  25 Input     25 Bit        Muxes := 1     
	   2 Input     23 Bit        Muxes := 1     
	   2 Input      1 Bit        Muxes := 2     
---------------------------------------------------------------------------------
Finished RTL Component Statistics 
---------------------------------------------------------------------------------
---------------------------------------------------------------------------------
Start RTL Hierarchical Component Statistics 
---------------------------------------------------------------------------------
Hierarchical RTL Component report 
Module ieee754_fp_adder_subtractor 
Detailed RTL Component Info : 
+---Adders : 
	   3 Input     32 Bit       Adders := 1     
	   2 Input     32 Bit       Adders := 1     
	   2 Input     31 Bit       Adders := 2     
	   3 Input     25 Bit       Adders := 1     
	   3 Input      8 Bit       Adders := 1     
+---XORs : 
	   2 Input      1 Bit         XORs := 1     
+---Muxes : 
	   2 Input     32 Bit        Muxes := 2     
	   2 Input     31 Bit        Muxes := 2     
	   2 Input     25 Bit        Muxes := 4     
	  25 Input     25 Bit        Muxes := 1     
	   2 Input     23 Bit        Muxes := 1     
	   2 Input      1 Bit        Muxes := 2     
---------------------------------------------------------------------------------
Finished RTL Hierarchical Component Statistics
---------------------------------------------------------------------------------
---------------------------------------------------------------------------------
Start Part Resource Summary
---------------------------------------------------------------------------------
Part Resources:
DSPs: 80 (col length:40)
BRAMs: 120 (col length: RAMB18 40 RAMB36 20)
---------------------------------------------------------------------------------
Finished Part Resource Summary
---------------------------------------------------------------------------------
No constraint files found.
---------------------------------------------------------------------------------
Start Cross Boundary and Area Optimization
---------------------------------------------------------------------------------
---------------------------------------------------------------------------------
Finished Cross Boundary and Area Optimization : Time (s): cpu = 00:00:16 ; elapsed = 00:00:18 . Memory (MB): peak = 558.410 ; gain = 348.426
---------------------------------------------------------------------------------

Report RTL Partitions: 
+-+--------------+------------+----------+
| |RTL Partition |Replication |Instances |
+-+--------------+------------+----------+
+-+--------------+------------+----------+
---------------------------------------------------------------------------------
Start Timing Optimization
---------------------------------------------------------------------------------
No constraint files found.
---------------------------------------------------------------------------------
Finished Timing Optimization : Time (s): cpu = 00:00:16 ; elapsed = 00:00:18 . Memory (MB): peak = 558.410 ; gain = 348.426
---------------------------------------------------------------------------------

Report RTL Partitions: 
+-+--------------+------------+----------+
| |RTL Partition |Replication |Instances |
+-+--------------+------------+----------+
+-+--------------+------------+----------+
---------------------------------------------------------------------------------
Start Technology Mapping
---------------------------------------------------------------------------------
---------------------------------------------------------------------------------
Finished Technology Mapping : Time (s): cpu = 00:00:17 ; elapsed = 00:00:19 . Memory (MB): peak = 558.410 ; gain = 348.426
---------------------------------------------------------------------------------

Report RTL Partitions: 
+-+--------------+------------+----------+
| |RTL Partition |Replication |Instances |
+-+--------------+------------+----------+
+-+--------------+------------+----------+
---------------------------------------------------------------------------------
Start IO Insertion
---------------------------------------------------------------------------------
---------------------------------------------------------------------------------
Start Flattening Before IO Insertion
---------------------------------------------------------------------------------
---------------------------------------------------------------------------------
Finished Flattening Before IO Insertion
---------------------------------------------------------------------------------
---------------------------------------------------------------------------------
Start Final Netlist Cleanup
---------------------------------------------------------------------------------
---------------------------------------------------------------------------------
Finished Final Netlist Cleanup
---------------------------------------------------------------------------------
---------------------------------------------------------------------------------
Finished IO Insertion : Time (s): cpu = 00:00:17 ; elapsed = 00:00:19 . Memory (MB): peak = 558.410 ; gain = 348.426
---------------------------------------------------------------------------------

Report Check Netlist: 
+------+------------------+-------+---------+-------+------------------+
|      |Item              |Errors |Warnings |Status |Description       |
+------+------------------+-------+---------+-------+------------------+
|1     |multi_driven_nets |      0|        0|Passed |Multi driven nets |
+------+------------------+-------+---------+-------+------------------+
---------------------------------------------------------------------------------
Start Renaming Generated Instances
---------------------------------------------------------------------------------
---------------------------------------------------------------------------------
Finished Renaming Generated Instances : Time (s): cpu = 00:00:17 ; elapsed = 00:00:19 . Memory (MB): peak = 558.410 ; gain = 348.426
---------------------------------------------------------------------------------

Report RTL Partitions: 
+-+--------------+------------+----------+
| |RTL Partition |Replication |Instances |
+-+--------------+------------+----------+
+-+--------------+------------+----------+
---------------------------------------------------------------------------------
Start Rebuilding User Hierarchy
---------------------------------------------------------------------------------
---------------------------------------------------------------------------------
Finished Rebuilding User Hierarchy : Time (s): cpu = 00:00:17 ; elapsed = 00:00:19 . Memory (MB): peak = 558.410 ; gain = 348.426
---------------------------------------------------------------------------------
---------------------------------------------------------------------------------
Start Renaming Generated Ports
---------------------------------------------------------------------------------
---------------------------------------------------------------------------------
Finished Renaming Generated Ports : Time (s): cpu = 00:00:17 ; elapsed = 00:00:19 . Memory (MB): peak = 558.410 ; gain = 348.426
---------------------------------------------------------------------------------
---------------------------------------------------------------------------------
Start Handling Custom Attributes
---------------------------------------------------------------------------------
---------------------------------------------------------------------------------
Finished Handling Custom Attributes : Time (s): cpu = 00:00:17 ; elapsed = 00:00:19 . Memory (MB): peak = 558.410 ; gain = 348.426
---------------------------------------------------------------------------------
---------------------------------------------------------------------------------
Start Renaming Generated Nets
---------------------------------------------------------------------------------
---------------------------------------------------------------------------------
Finished Renaming Generated Nets : Time (s): cpu = 00:00:17 ; elapsed = 00:00:19 . Memory (MB): peak = 558.410 ; gain = 348.426
---------------------------------------------------------------------------------
---------------------------------------------------------------------------------
Start Writing Synthesis Report
---------------------------------------------------------------------------------

Report BlackBoxes: 
+-+--------------+----------+
| |BlackBox name |Instances |
+-+--------------+----------+
+-+--------------+----------+

Report Cell Usage: 
+------+-------+------+
|      |Cell   |Count |
+------+-------+------+
|1     |CARRY4 |    37|
|2     |LUT1   |    68|
|3     |LUT2   |    73|
|4     |LUT3   |    81|
|5     |LUT4   |    45|
|6     |LUT5   |   115|
|7     |LUT6   |   281|
+------+-------+------+

Report Instance Areas: 
+------+---------+----------------------------+------+
|      |Instance |Module                      |Cells |
+------+---------+----------------------------+------+
|1     |top      |                            |   700|
|2     |  U0     |ieee754_fp_adder_subtractor |   700|
+------+---------+----------------------------+------+
---------------------------------------------------------------------------------
Finished Writing Synthesis Report : Time (s): cpu = 00:00:17 ; elapsed = 00:00:19 . Memory (MB): peak = 558.410 ; gain = 348.426
---------------------------------------------------------------------------------
Synthesis finished with 0 errors, 0 critical warnings and 0 warnings.
Synthesis Optimization Runtime : Time (s): cpu = 00:00:13 ; elapsed = 00:00:13 . Memory (MB): peak = 558.410 ; gain = 286.512
Synthesis Optimization Complete : Time (s): cpu = 00:00:17 ; elapsed = 00:00:19 . Memory (MB): peak = 558.410 ; gain = 348.426
INFO: [Project 1-571] Translating synthesized netlist
INFO: [Netlist 29-17] Analyzing 37 Unisim elements for replacement
INFO: [Netlist 29-28] Unisim Transformation completed in 0 CPU seconds
INFO: [Project 1-570] Preparing netlist for logic optimization
INFO: [Opt 31-138] Pushed 0 inverter(s) to 0 load pin(s).
INFO: [Project 1-111] Unisim Transformation Summary:
No Unisim elements were transformed.

INFO: [Common 17-83] Releasing license: Synthesis
15 Infos, 0 Warnings, 0 Critical Warnings and 0 Errors encountered.
synth_design completed successfully
synth_design: Time (s): cpu = 00:00:16 ; elapsed = 00:00:40 . Memory (MB): peak = 609.777 ; gain = 337.879
INFO: [Timing 38-35] Done setting XDC timing constraints.
INFO: [Common 17-1381] The checkpoint 'C:/ZyboIP/general_ip/affine_transform/affine_transform.runs/affine_block_ieee754_fp_adder_subtractor_0_1_synth_1/affine_block_ieee754_fp_adder_subtractor_0_1.dcp' has been generated.
write_checkpoint: Time (s): cpu = 00:00:12 ; elapsed = 00:00:13 . Memory (MB): peak = 1046.301 ; gain = 436.523
