Exception at PC 0x00007FF87A95BB93
Printing stacktrace...

Exception at PC 0x00007FF8D97F7788
Exception at PC 0x00007FF8D97F7788
Unable to capture context for thread 7320 in process 9552, can not generate back trace
Exception at PC 0x00007FF8D97F7788
Exception at PC 0x00007FF8D97F7788
Exception at PC 0x00007FF8D97F7788
Exception at PC 0x00007FF8D97F7788
Exception at PC 0x00007FF8D97F7788
Exception at PC 0x00007FF8D97F7788
Exception at PC 0x00007FF8D97F7788
Exception at PC 0x00007FF8D97F7788
Exception at PC 0x00007FF8D97F7788
Exception at PC 0x00007FF8D97F7788
Exception at PC 0x00007FF8D97F7788
Exception at PC 0x00007FF8D97F7788
[0]  [0x00007FF87A95BB93]
[1]  [0x00007FF87A95BB93]
[2]  [0x00007FF87A95B4A1]
[3]  [0x00007FF87A95B3EF]
[4]  [0x00007FF87A9419FE]
[5]  [0x00007FF87A940ED1]
[6]  [0x00007FF87A940D76]
[7]  [0x00007FF87A8E79F6]
[8]  [0x00007FF87A8D7AFB]
[9]  [0x00007FF87A9FE90A]
[10]  [0x00007FF87AA19F87]
[11]  [0x00007FF87AA1A05F]
[12] (BaseThreadInitThunk+0x14) [0x00007FF8DA538364]
[13] (RtlUserThreadStart+0x21) [0x00007FF8DC4D70D1]
Done
Exception at PC 0x00007FF8D97F7788
Exception at PC 0x00007FF8D97F7788
Exception at PC 0x00007FF8D97F7788
Exception at PC 0x00007FF8D97F7788
