Copyright 1986-2016 Xilinx, Inc. All Rights Reserved.
------------------------------------------------------------------------------------
| Tool Version : Vivado v.2016.4 (win64) Build 1733598 Wed Dec 14 22:35:39 MST 2016
| Date         : Wed Feb 08 10:36:47 2017
| Host         : GILAMONSTER running 64-bit major release  (build 9200)
| Command      : upgrade_ip
| Device       : xc7z010clg400-1
------------------------------------------------------------------------------------

Upgrade Log for IP 'system_affine_transform_0_0'

1. Summary
----------

SUCCESS in the upgrade of system_affine_transform_0_0 (xilinx.com:user:affine_transform:1.0) from (Rev. 4) to (Rev. 5)






Copyright 1986-2016 Xilinx, Inc. All Rights Reserved.
------------------------------------------------------------------------------------
| Tool Version : Vivado v.2016.4 (win64) Build 1733598 Wed Dec 14 22:35:39 MST 2016
| Date         : Wed Feb 08 09:56:24 2017
| Host         : GILAMONSTER running 64-bit major release  (build 9200)
| Command      : upgrade_ip
| Device       : xc7z010clg400-1
------------------------------------------------------------------------------------

Upgrade Log for IP 'system_affine_transform_0_0'

1. Summary
----------

SUCCESS in the upgrade of system_affine_transform_0_0 (xilinx.com:user:affine_transform:1.0) from (Rev. 3) to (Rev. 4)






Copyright 1986-2016 Xilinx, Inc. All Rights Reserved.
------------------------------------------------------------------------------------
| Tool Version : Vivado v.2016.4 (win64) Build 1733598 Wed Dec 14 22:35:39 MST 2016
| Date         : Wed Feb 08 01:14:36 2017
| Host         : GILAMONSTER running 64-bit major release  (build 9200)
| Command      : upgrade_ip
| Device       : xc7z010clg400-1
------------------------------------------------------------------------------------

Upgrade Log for IP 'system_affine_transform_0_0'

1. Summary
----------

SUCCESS in the upgrade of system_affine_transform_0_0 (xilinx.com:user:affine_transform:1.0) from (Rev. 2) to (Rev. 3)

