
*** Running vivado
    with args -log system_affine_rotation_generator_0_0.vds -m64 -product Vivado -mode batch -messageDb vivado.pb -notrace -source system_affine_rotation_generator_0_0.tcl


****** Vivado v2016.4 (64-bit)
  **** SW Build 1733598 on Wed Dec 14 22:35:39 MST 2016
  **** IP Build 1731160 on Wed Dec 14 23:47:21 MST 2016
    ** Copyright 1986-2016 Xilinx, Inc. All Rights Reserved.

source system_affine_rotation_generator_0_0.tcl -notrace
Command: synth_design -top system_affine_rotation_generator_0_0 -part xc7z010clg400-1 -mode out_of_context
Starting synth_design
Attempting to get a license for feature 'Synthesis' and/or device 'xc7z010'
INFO: [Common 17-349] Got license for feature 'Synthesis' and/or device 'xc7z010'
INFO: Launching helper process for spawning children vivado processes
INFO: Helper process launched with PID 15992 
---------------------------------------------------------------------------------
Starting RTL Elaboration : Time (s): cpu = 00:00:07 ; elapsed = 00:00:08 . Memory (MB): peak = 348.320 ; gain = 138.785
---------------------------------------------------------------------------------
INFO: [Synth 8-638] synthesizing module 'system_affine_rotation_generator_0_0' [c:/Zybo-Open-Source-Video-IP-Toolbox/video_processing_examples/affine_transform_demo/affine_transform_demo.srcs/sources_1/bd/system/ip/system_affine_rotation_generator_0_0/synth/system_affine_rotation_generator_0_0.vhd:69]
INFO: [Synth 8-3491] module 'affine_rotation_generator' declared at 'c:/Zybo-Open-Source-Video-IP-Toolbox/video_processing_examples/affine_transform_demo/affine_transform_demo.srcs/sources_1/bd/system/ipshared/a31f/affine_rotation_generator.vhd:14' bound to instance 'U0' of component 'affine_rotation_generator' [c:/Zybo-Open-Source-Video-IP-Toolbox/video_processing_examples/affine_transform_demo/affine_transform_demo.srcs/sources_1/bd/system/ip/system_affine_rotation_generator_0_0/synth/system_affine_rotation_generator_0_0.vhd:93]
INFO: [Synth 8-638] synthesizing module 'affine_rotation_generator' [c:/Zybo-Open-Source-Video-IP-Toolbox/video_processing_examples/affine_transform_demo/affine_transform_demo.srcs/sources_1/bd/system/ipshared/a31f/affine_rotation_generator.vhd:28]
INFO: [Synth 8-4471] merging register 'a_12_reg[9:0]' into 'a_02_reg[9:0]' [c:/Zybo-Open-Source-Video-IP-Toolbox/video_processing_examples/affine_transform_demo/affine_transform_demo.srcs/sources_1/bd/system/ipshared/a31f/affine_rotation_generator.vhd:127]
INFO: [Synth 8-4471] merging register 'a_11_reg[9:0]' into 'a_00_reg[9:0]' [c:/Zybo-Open-Source-Video-IP-Toolbox/video_processing_examples/affine_transform_demo/affine_transform_demo.srcs/sources_1/bd/system/ipshared/a31f/affine_rotation_generator.vhd:126]
INFO: [Synth 8-256] done synthesizing module 'affine_rotation_generator' (1#1) [c:/Zybo-Open-Source-Video-IP-Toolbox/video_processing_examples/affine_transform_demo/affine_transform_demo.srcs/sources_1/bd/system/ipshared/a31f/affine_rotation_generator.vhd:28]
INFO: [Synth 8-256] done synthesizing module 'system_affine_rotation_generator_0_0' (2#1) [c:/Zybo-Open-Source-Video-IP-Toolbox/video_processing_examples/affine_transform_demo/affine_transform_demo.srcs/sources_1/bd/system/ip/system_affine_rotation_generator_0_0/synth/system_affine_rotation_generator_0_0.vhd:69]
---------------------------------------------------------------------------------
Finished RTL Elaboration : Time (s): cpu = 00:00:08 ; elapsed = 00:00:09 . Memory (MB): peak = 385.527 ; gain = 175.992
---------------------------------------------------------------------------------

Report Check Netlist: 
+------+------------------+-------+---------+-------+------------------+
|      |Item              |Errors |Warnings |Status |Description       |
+------+------------------+-------+---------+-------+------------------+
|1     |multi_driven_nets |      0|        0|Passed |Multi driven nets |
+------+------------------+-------+---------+-------+------------------+
---------------------------------------------------------------------------------
Finished RTL Optimization Phase 1 : Time (s): cpu = 00:00:08 ; elapsed = 00:00:09 . Memory (MB): peak = 385.527 ; gain = 175.992
---------------------------------------------------------------------------------
