Copyright 1986-2016 Xilinx, Inc. All Rights Reserved.
------------------------------------------------------------------------------------
| Tool Version : Vivado v.2016.4 (win64) Build 1733598 Wed Dec 14 22:35:39 MST 2016
| Date         : Mon Feb 20 15:35:30 2017
| Host         : GILAMONSTER running 64-bit major release  (build 9200)
| Command      : report_drc -file system_wrapper_drc_opted.rpt
| Design       : system_wrapper
| Device       : xc7z010clg400-1
| Speed File   : -1
| Design State : Synthesized
------------------------------------------------------------------------------------

Report DRC

Table of Contents
-----------------
1. REPORT SUMMARY
2. REPORT DETAILS

1. REPORT SUMMARY
-----------------
            Netlist: netlist
          Floorplan: design_1
      Design limits: <entire design considered>
           Ruledeck: default
             Max violations: <unlimited>
             Violations found: 32
+--------+----------+------------------------+------------+
| Rule   | Severity | Description            | Violations |
+--------+----------+------------------------+------------+
| DPIP-1 | Warning  | Input pipelining       | 16         |
| DPOP-1 | Warning  | PREG Output pipelining | 8          |
| DPOP-2 | Warning  | MREG Output pipelining | 8          |
+--------+----------+------------------------+------------+

2. REPORT DETAILS
-----------------
DPIP-1#1 Warning
Input pipelining  
DSP system_i/affine_transform_0/U0/affine_block_i/ieee754_fp_multiplier_0/U0/msb1 input system_i/affine_transform_0/U0/affine_block_i/ieee754_fp_multiplier_0/U0/msb1/A[29:0] is not pipelined. Pipelining DSP48 input will improve performance.
Related violations: <none>

DPIP-1#2 Warning
Input pipelining  
DSP system_i/affine_transform_0/U0/affine_block_i/ieee754_fp_multiplier_0/U0/msb1 input system_i/affine_transform_0/U0/affine_block_i/ieee754_fp_multiplier_0/U0/msb1/B[17:0] is not pipelined. Pipelining DSP48 input will improve performance.
Related violations: <none>

DPIP-1#3 Warning
Input pipelining  
DSP system_i/affine_transform_0/U0/affine_block_i/ieee754_fp_multiplier_0/U0/msb1__0 input system_i/affine_transform_0/U0/affine_block_i/ieee754_fp_multiplier_0/U0/msb1__0/A[29:0] is not pipelined. Pipelining DSP48 input will improve performance.
Related violations: <none>

DPIP-1#4 Warning
Input pipelining  
DSP system_i/affine_transform_0/U0/affine_block_i/ieee754_fp_multiplier_0/U0/msb1__0 input system_i/affine_transform_0/U0/affine_block_i/ieee754_fp_multiplier_0/U0/msb1__0/B[17:0] is not pipelined. Pipelining DSP48 input will improve performance.
Related violations: <none>

DPIP-1#5 Warning
Input pipelining  
DSP system_i/affine_transform_0/U0/affine_block_i/ieee754_fp_multiplier_1/U0/msb1 input system_i/affine_transform_0/U0/affine_block_i/ieee754_fp_multiplier_1/U0/msb1/A[29:0] is not pipelined. Pipelining DSP48 input will improve performance.
Related violations: <none>

DPIP-1#6 Warning
Input pipelining  
DSP system_i/affine_transform_0/U0/affine_block_i/ieee754_fp_multiplier_1/U0/msb1 input system_i/affine_transform_0/U0/affine_block_i/ieee754_fp_multiplier_1/U0/msb1/B[17:0] is not pipelined. Pipelining DSP48 input will improve performance.
Related violations: <none>

DPIP-1#7 Warning
Input pipelining  
DSP system_i/affine_transform_0/U0/affine_block_i/ieee754_fp_multiplier_1/U0/msb1__0 input system_i/affine_transform_0/U0/affine_block_i/ieee754_fp_multiplier_1/U0/msb1__0/A[29:0] is not pipelined. Pipelining DSP48 input will improve performance.
Related violations: <none>

DPIP-1#8 Warning
Input pipelining  
DSP system_i/affine_transform_0/U0/affine_block_i/ieee754_fp_multiplier_1/U0/msb1__0 input system_i/affine_transform_0/U0/affine_block_i/ieee754_fp_multiplier_1/U0/msb1__0/B[17:0] is not pipelined. Pipelining DSP48 input will improve performance.
Related violations: <none>

DPIP-1#9 Warning
Input pipelining  
DSP system_i/affine_transform_0/U0/affine_block_i/ieee754_fp_multiplier_2/U0/msb1 input system_i/affine_transform_0/U0/affine_block_i/ieee754_fp_multiplier_2/U0/msb1/A[29:0] is not pipelined. Pipelining DSP48 input will improve performance.
Related violations: <none>

DPIP-1#10 Warning
Input pipelining  
DSP system_i/affine_transform_0/U0/affine_block_i/ieee754_fp_multiplier_2/U0/msb1 input system_i/affine_transform_0/U0/affine_block_i/ieee754_fp_multiplier_2/U0/msb1/B[17:0] is not pipelined. Pipelining DSP48 input will improve performance.
Related violations: <none>

DPIP-1#11 Warning
Input pipelining  
DSP system_i/affine_transform_0/U0/affine_block_i/ieee754_fp_multiplier_2/U0/msb1__0 input system_i/affine_transform_0/U0/affine_block_i/ieee754_fp_multiplier_2/U0/msb1__0/A[29:0] is not pipelined. Pipelining DSP48 input will improve performance.
Related violations: <none>

DPIP-1#12 Warning
Input pipelining  
DSP system_i/affine_transform_0/U0/affine_block_i/ieee754_fp_multiplier_2/U0/msb1__0 input system_i/affine_transform_0/U0/affine_block_i/ieee754_fp_multiplier_2/U0/msb1__0/B[17:0] is not pipelined. Pipelining DSP48 input will improve performance.
Related violations: <none>

DPIP-1#13 Warning
Input pipelining  
DSP system_i/affine_transform_0/U0/affine_block_i/ieee754_fp_multiplier_3/U0/msb1 input system_i/affine_transform_0/U0/affine_block_i/ieee754_fp_multiplier_3/U0/msb1/A[29:0] is not pipelined. Pipelining DSP48 input will improve performance.
Related violations: <none>

DPIP-1#14 Warning
Input pipelining  
DSP system_i/affine_transform_0/U0/affine_block_i/ieee754_fp_multiplier_3/U0/msb1 input system_i/affine_transform_0/U0/affine_block_i/ieee754_fp_multiplier_3/U0/msb1/B[17:0] is not pipelined. Pipelining DSP48 input will improve performance.
Related violations: <none>

DPIP-1#15 Warning
Input pipelining  
DSP system_i/affine_transform_0/U0/affine_block_i/ieee754_fp_multiplier_3/U0/msb1__0 input system_i/affine_transform_0/U0/affine_block_i/ieee754_fp_multiplier_3/U0/msb1__0/A[29:0] is not pipelined. Pipelining DSP48 input will improve performance.
Related violations: <none>

DPIP-1#16 Warning
Input pipelining  
DSP system_i/affine_transform_0/U0/affine_block_i/ieee754_fp_multiplier_3/U0/msb1__0 input system_i/affine_transform_0/U0/affine_block_i/ieee754_fp_multiplier_3/U0/msb1__0/B[17:0] is not pipelined. Pipelining DSP48 input will improve performance.
Related violations: <none>

DPOP-1#1 Warning
PREG Output pipelining  
DSP system_i/affine_transform_0/U0/affine_block_i/ieee754_fp_multiplier_0/U0/msb1 output system_i/affine_transform_0/U0/affine_block_i/ieee754_fp_multiplier_0/U0/msb1/P[47:0] is not pipelined (PREG=0). Pipelining the DSP48 output will improve performance and often saves power so it is suggested whenever possible to fully pipeline this function.  If this DSP48 function was inferred, it is suggested to describe an additional register stage after this function.  If the DSP48 was instantiated in the design, it is suggested to set the PREG attribute to 1.
Related violations: <none>

DPOP-1#2 Warning
PREG Output pipelining  
DSP system_i/affine_transform_0/U0/affine_block_i/ieee754_fp_multiplier_0/U0/msb1__0 output system_i/affine_transform_0/U0/affine_block_i/ieee754_fp_multiplier_0/U0/msb1__0/P[47:0] is not pipelined (PREG=0). Pipelining the DSP48 output will improve performance and often saves power so it is suggested whenever possible to fully pipeline this function.  If this DSP48 function was inferred, it is suggested to describe an additional register stage after this function.  If the DSP48 was instantiated in the design, it is suggested to set the PREG attribute to 1.
Related violations: <none>

DPOP-1#3 Warning
PREG Output pipelining  
DSP system_i/affine_transform_0/U0/affine_block_i/ieee754_fp_multiplier_1/U0/msb1 output system_i/affine_transform_0/U0/affine_block_i/ieee754_fp_multiplier_1/U0/msb1/P[47:0] is not pipelined (PREG=0). Pipelining the DSP48 output will improve performance and often saves power so it is suggested whenever possible to fully pipeline this function.  If this DSP48 function was inferred, it is suggested to describe an additional register stage after this function.  If the DSP48 was instantiated in the design, it is suggested to set the PREG attribute to 1.
Related violations: <none>

DPOP-1#4 Warning
PREG Output pipelining  
DSP system_i/affine_transform_0/U0/affine_block_i/ieee754_fp_multiplier_1/U0/msb1__0 output system_i/affine_transform_0/U0/affine_block_i/ieee754_fp_multiplier_1/U0/msb1__0/P[47:0] is not pipelined (PREG=0). Pipelining the DSP48 output will improve performance and often saves power so it is suggested whenever possible to fully pipeline this function.  If this DSP48 function was inferred, it is suggested to describe an additional register stage after this function.  If the DSP48 was instantiated in the design, it is suggested to set the PREG attribute to 1.
Related violations: <none>

DPOP-1#5 Warning
PREG Output pipelining  
DSP system_i/affine_transform_0/U0/affine_block_i/ieee754_fp_multiplier_2/U0/msb1 output system_i/affine_transform_0/U0/affine_block_i/ieee754_fp_multiplier_2/U0/msb1/P[47:0] is not pipelined (PREG=0). Pipelining the DSP48 output will improve performance and often saves power so it is suggested whenever possible to fully pipeline this function.  If this DSP48 function was inferred, it is suggested to describe an additional register stage after this function.  If the DSP48 was instantiated in the design, it is suggested to set the PREG attribute to 1.
Related violations: <none>

DPOP-1#6 Warning
PREG Output pipelining  
DSP system_i/affine_transform_0/U0/affine_block_i/ieee754_fp_multiplier_2/U0/msb1__0 output system_i/affine_transform_0/U0/affine_block_i/ieee754_fp_multiplier_2/U0/msb1__0/P[47:0] is not pipelined (PREG=0). Pipelining the DSP48 output will improve performance and often saves power so it is suggested whenever possible to fully pipeline this function.  If this DSP48 function was inferred, it is suggested to describe an additional register stage after this function.  If the DSP48 was instantiated in the design, it is suggested to set the PREG attribute to 1.
Related violations: <none>

DPOP-1#7 Warning
PREG Output pipelining  
DSP system_i/affine_transform_0/U0/affine_block_i/ieee754_fp_multiplier_3/U0/msb1 output system_i/affine_transform_0/U0/affine_block_i/ieee754_fp_multiplier_3/U0/msb1/P[47:0] is not pipelined (PREG=0). Pipelining the DSP48 output will improve performance and often saves power so it is suggested whenever possible to fully pipeline this function.  If this DSP48 function was inferred, it is suggested to describe an additional register stage after this function.  If the DSP48 was instantiated in the design, it is suggested to set the PREG attribute to 1.
Related violations: <none>

DPOP-1#8 Warning
PREG Output pipelining  
DSP system_i/affine_transform_0/U0/affine_block_i/ieee754_fp_multiplier_3/U0/msb1__0 output system_i/affine_transform_0/U0/affine_block_i/ieee754_fp_multiplier_3/U0/msb1__0/P[47:0] is not pipelined (PREG=0). Pipelining the DSP48 output will improve performance and often saves power so it is suggested whenever possible to fully pipeline this function.  If this DSP48 function was inferred, it is suggested to describe an additional register stage after this function.  If the DSP48 was instantiated in the design, it is suggested to set the PREG attribute to 1.
Related violations: <none>

DPOP-2#1 Warning
MREG Output pipelining  
DSP system_i/affine_transform_0/U0/affine_block_i/ieee754_fp_multiplier_0/U0/msb1 multiplier stage system_i/affine_transform_0/U0/affine_block_i/ieee754_fp_multiplier_0/U0/msb1/P[47:0] is not pipelined (MREG=0). Pipelining the multiplier function will improve performance and will save significant power so it is suggested whenever possible to fully pipeline this function.  If this multiplier was inferred, it is suggested to describe an additional register stage after this function.  If there is no registered adder/accumulator following the multiply function, two pipeline stages are suggested to allow both the MREG and PREG registers to be used.  If the DSP48 was instantiated in the design, it is suggested to set both the MREG and PREG attributes to 1 when performing multiply functions.
Related violations: <none>

DPOP-2#2 Warning
MREG Output pipelining  
DSP system_i/affine_transform_0/U0/affine_block_i/ieee754_fp_multiplier_0/U0/msb1__0 multiplier stage system_i/affine_transform_0/U0/affine_block_i/ieee754_fp_multiplier_0/U0/msb1__0/P[47:0] is not pipelined (MREG=0). Pipelining the multiplier function will improve performance and will save significant power so it is suggested whenever possible to fully pipeline this function.  If this multiplier was inferred, it is suggested to describe an additional register stage after this function.  If there is no registered adder/accumulator following the multiply function, two pipeline stages are suggested to allow both the MREG and PREG registers to be used.  If the DSP48 was instantiated in the design, it is suggested to set both the MREG and PREG attributes to 1 when performing multiply functions.
Related violations: <none>

DPOP-2#3 Warning
MREG Output pipelining  
DSP system_i/affine_transform_0/U0/affine_block_i/ieee754_fp_multiplier_1/U0/msb1 multiplier stage system_i/affine_transform_0/U0/affine_block_i/ieee754_fp_multiplier_1/U0/msb1/P[47:0] is not pipelined (MREG=0). Pipelining the multiplier function will improve performance and will save significant power so it is suggested whenever possible to fully pipeline this function.  If this multiplier was inferred, it is suggested to describe an additional register stage after this function.  If there is no registered adder/accumulator following the multiply function, two pipeline stages are suggested to allow both the MREG and PREG registers to be used.  If the DSP48 was instantiated in the design, it is suggested to set both the MREG and PREG attributes to 1 when performing multiply functions.
Related violations: <none>

DPOP-2#4 Warning
MREG Output pipelining  
DSP system_i/affine_transform_0/U0/affine_block_i/ieee754_fp_multiplier_1/U0/msb1__0 multiplier stage system_i/affine_transform_0/U0/affine_block_i/ieee754_fp_multiplier_1/U0/msb1__0/P[47:0] is not pipelined (MREG=0). Pipelining the multiplier function will improve performance and will save significant power so it is suggested whenever possible to fully pipeline this function.  If this multiplier was inferred, it is suggested to describe an additional register stage after this function.  If there is no registered adder/accumulator following the multiply function, two pipeline stages are suggested to allow both the MREG and PREG registers to be used.  If the DSP48 was instantiated in the design, it is suggested to set both the MREG and PREG attributes to 1 when performing multiply functions.
Related violations: <none>

DPOP-2#5 Warning
MREG Output pipelining  
DSP system_i/affine_transform_0/U0/affine_block_i/ieee754_fp_multiplier_2/U0/msb1 multiplier stage system_i/affine_transform_0/U0/affine_block_i/ieee754_fp_multiplier_2/U0/msb1/P[47:0] is not pipelined (MREG=0). Pipelining the multiplier function will improve performance and will save significant power so it is suggested whenever possible to fully pipeline this function.  If this multiplier was inferred, it is suggested to describe an additional register stage after this function.  If there is no registered adder/accumulator following the multiply function, two pipeline stages are suggested to allow both the MREG and PREG registers to be used.  If the DSP48 was instantiated in the design, it is suggested to set both the MREG and PREG attributes to 1 when performing multiply functions.
Related violations: <none>

DPOP-2#6 Warning
MREG Output pipelining  
DSP system_i/affine_transform_0/U0/affine_block_i/ieee754_fp_multiplier_2/U0/msb1__0 multiplier stage system_i/affine_transform_0/U0/affine_block_i/ieee754_fp_multiplier_2/U0/msb1__0/P[47:0] is not pipelined (MREG=0). Pipelining the multiplier function will improve performance and will save significant power so it is suggested whenever possible to fully pipeline this function.  If this multiplier was inferred, it is suggested to describe an additional register stage after this function.  If there is no registered adder/accumulator following the multiply function, two pipeline stages are suggested to allow both the MREG and PREG registers to be used.  If the DSP48 was instantiated in the design, it is suggested to set both the MREG and PREG attributes to 1 when performing multiply functions.
Related violations: <none>

DPOP-2#7 Warning
MREG Output pipelining  
DSP system_i/affine_transform_0/U0/affine_block_i/ieee754_fp_multiplier_3/U0/msb1 multiplier stage system_i/affine_transform_0/U0/affine_block_i/ieee754_fp_multiplier_3/U0/msb1/P[47:0] is not pipelined (MREG=0). Pipelining the multiplier function will improve performance and will save significant power so it is suggested whenever possible to fully pipeline this function.  If this multiplier was inferred, it is suggested to describe an additional register stage after this function.  If there is no registered adder/accumulator following the multiply function, two pipeline stages are suggested to allow both the MREG and PREG registers to be used.  If the DSP48 was instantiated in the design, it is suggested to set both the MREG and PREG attributes to 1 when performing multiply functions.
Related violations: <none>

DPOP-2#8 Warning
MREG Output pipelining  
DSP system_i/affine_transform_0/U0/affine_block_i/ieee754_fp_multiplier_3/U0/msb1__0 multiplier stage system_i/affine_transform_0/U0/affine_block_i/ieee754_fp_multiplier_3/U0/msb1__0/P[47:0] is not pipelined (MREG=0). Pipelining the multiplier function will improve performance and will save significant power so it is suggested whenever possible to fully pipeline this function.  If this multiplier was inferred, it is suggested to describe an additional register stage after this function.  If there is no registered adder/accumulator following the multiply function, two pipeline stages are suggested to allow both the MREG and PREG registers to be used.  If the DSP48 was instantiated in the design, it is suggested to set both the MREG and PREG attributes to 1 when performing multiply functions.
Related violations: <none>


