Unable to capture context for thread 15464 in process 2284, can not generate back trace
Exception at PC 0x00007FF8D97F7788
Exception at PC 0x00007FF8D97F7788
Exception at PC 0x00007FF877DEBB93
Printing stacktrace...

Exception at PC 0x00007FF8D97F7788
Exception at PC 0x00007FF8D97F7788
Exception at PC 0x00007FF8D97F7788
Exception at PC 0x00007FF8D97F7788
Exception at PC 0x00007FF8D97F7788
Exception at PC 0x00007FF8D97F7788
Exception at PC 0x00007FF8D97F7788
Exception at PC 0x00007FF8D97F7788
Exception at PC 0x00007FF8D97F7788
Exception at PC 0x00007FF8D97F7788
Exception at PC 0x00007FF8D97F7788
Exception at PC 0x00007FF8D97F7788
[0]  [0x00007FF877DEBB93]
[1]  [0x00007FF877DEBB93]
[2]  [0x00007FF877DEB4A1]
[3]  [0x00007FF877DEB3EF]
[4]  [0x00007FF877DD19FE]
[5]  [0x00007FF877DD0ED1]
[6]  [0x00007FF877DD0D76]
[7]  [0x00007FF877D779F6]
[8]  [0x00007FF877D67AFB]
[9]  [0x00007FF877E8E90A]
[10]  [0x00007FF877EA9F87]
[11]  [0x00007FF877EAA05F]
[12] (BaseThreadInitThunk+0x14) [0x00007FF8DA538364]
[13] (RtlUserThreadStart+0x21) [0x00007FF8DC4D70D1]
Done
Exception at PC 0x00007FF8D97F7788
Exception at PC 0x00007FF8D97F7788
Exception at PC 0x00007FF8D97F7788
Exception at PC 0x00007FF8D97F7788
