
*** Running vivado
    with args -log system_xlconstant_0_0.vds -m64 -product Vivado -mode batch -messageDb vivado.pb -notrace -source system_xlconstant_0_0.tcl


****** Vivado v2016.4 (64-bit)
  **** SW Build 1733598 on Wed Dec 14 22:35:39 MST 2016
  **** IP Build 1731160 on Wed Dec 14 23:47:21 MST 2016
    ** Copyright 1986-2016 Xilinx, Inc. All Rights Reserved.

source system_xlconstant_0_0.tcl -notrace
Starting RTL Elaboration : Time (s): cpu = 00:00:07 ; elapsed = 00:00:09 . Memory (MB): peak = 348.637 ; gain = 139.070
INFO: [Synth 8-638] synthesizing module 'system_xlconstant_0_0' [c:/Zybo-Open-Source-Video-IP-Toolbox/video_processing_examples/affine_transform_demo/affine_transform_demo.srcs/sources_1/bd/system/ip/system_xlconstant_0_0/sim/system_xlconstant_0_0.vhd:35]
INFO: [Synth 8-638] synthesizing module 'xlconstant' [c:/Zybo-Open-Source-Video-IP-Toolbox/video_processing_examples/affine_transform_demo/affine_transform_demo.srcs/sources_1/bd/system/ipshared/e147/xlconstant.vhd:36]
INFO: [Synth 8-256] done synthesizing module 'xlconstant' (1#1) [c:/Zybo-Open-Source-Video-IP-Toolbox/video_processing_examples/affine_transform_demo/affine_transform_demo.srcs/sources_1/bd/system/ipshared/e147/xlconstant.vhd:36]
INFO: [Synth 8-256] done synthesizing module 'system_xlconstant_0_0' (2#1) [c:/Zybo-Open-Source-Video-IP-Toolbox/video_processing_examples/affine_transform_demo/affine_transform_demo.srcs/sources_1/bd/system/ip/system_xlconstant_0_0/sim/system_xlconstant_0_0.vhd:35]
Finished RTL Elaboration : Time (s): cpu = 00:00:08 ; elapsed = 00:00:09 . Memory (MB): peak = 385.027 ; gain = 175.461
Finished RTL Optimization Phase 1 : Time (s): cpu = 00:00:08 ; elapsed = 00:00:09 . Memory (MB): peak = 385.027 ; gain = 175.461
INFO: [Device 21-403] Loading part xc7z010clg400-1
Constraint Validation Runtime : Time (s): cpu = 00:00:00 ; elapsed = 00:00:00.008 . Memory (MB): peak = 578.621 ; gain = 0.000
Finished Constraint Validation : Time (s): cpu = 00:00:17 ; elapsed = 00:00:43 . Memory (MB): peak = 578.621 ; gain = 369.055
Finished Loading Part and Timing Information : Time (s): cpu = 00:00:17 ; elapsed = 00:00:43 . Memory (MB): peak = 578.621 ; gain = 369.055
Finished applying 'set_property' XDC Constraints : Time (s): cpu = 00:00:17 ; elapsed = 00:00:43 . Memory (MB): peak = 578.621 ; gain = 369.055
Finished RTL Optimization Phase 2 : Time (s): cpu = 00:00:17 ; elapsed = 00:00:43 . Memory (MB): peak = 578.621 ; gain = 369.055
Finished Cross Boundary and Area Optimization : Time (s): cpu = 00:00:17 ; elapsed = 00:00:43 . Memory (MB): peak = 578.621 ; gain = 369.055
Finished Applying XDC Timing Constraints : Time (s): cpu = 00:00:27 ; elapsed = 00:00:54 . Memory (MB): peak = 620.184 ; gain = 410.617
Finished Timing Optimization : Time (s): cpu = 00:00:27 ; elapsed = 00:00:54 . Memory (MB): peak = 620.184 ; gain = 410.617
Finished Technology Mapping : Time (s): cpu = 00:00:27 ; elapsed = 00:00:54 . Memory (MB): peak = 629.789 ; gain = 420.223
Finished IO Insertion : Time (s): cpu = 00:00:28 ; elapsed = 00:00:55 . Memory (MB): peak = 629.789 ; gain = 420.223
Finished Renaming Generated Instances : Time (s): cpu = 00:00:28 ; elapsed = 00:00:55 . Memory (MB): peak = 629.789 ; gain = 420.223
Finished Rebuilding User Hierarchy : Time (s): cpu = 00:00:28 ; elapsed = 00:00:55 . Memory (MB): peak = 629.789 ; gain = 420.223
Finished Renaming Generated Ports : Time (s): cpu = 00:00:28 ; elapsed = 00:00:55 . Memory (MB): peak = 629.789 ; gain = 420.223
Finished Handling Custom Attributes : Time (s): cpu = 00:00:28 ; elapsed = 00:00:55 . Memory (MB): peak = 629.789 ; gain = 420.223
Finished Renaming Generated Nets : Time (s): cpu = 00:00:28 ; elapsed = 00:00:55 . Memory (MB): peak = 629.789 ; gain = 420.223

Report Cell Usage: 
+-+-----+------+
| |Cell |Count |
+-+-----+------+
+-+-----+------+
Finished Writing Synthesis Report : Time (s): cpu = 00:00:28 ; elapsed = 00:00:55 . Memory (MB): peak = 629.789 ; gain = 420.223
synth_design: Time (s): cpu = 00:00:25 ; elapsed = 00:00:50 . Memory (MB): peak = 650.871 ; gain = 378.418
