Copyright 1986-2015 Xilinx, Inc. All Rights Reserved.
-------------------------------------------------------------------------------------------
| Tool Version : Vivado v.2015.4 (win64) Build 1412921 Wed Nov 18 09:43:45 MST 2015
| Date         : Fri Mar 25 18:15:51 2016
| Host         : GilaMonster running 64-bit major release  (build 9200)
| Command      : report_control_sets -verbose -file system_wrapper_control_sets_placed.rpt
| Design       : system_wrapper
| Device       : xc7z010
-------------------------------------------------------------------------------------------

Control Set Information

Table of Contents
-----------------
1. Summary
2. Flip-Flop Distribution
3. Detailed Control Set Information

1. Summary
----------

+-------------------------------------------------------------------+-------+
|                               Status                              | Count |
+-------------------------------------------------------------------+-------+
| Number of unique control sets                                     |     5 |
| Minimum Number of register sites lost to control set restrictions |    18 |
+-------------------------------------------------------------------+-------+


2. Flip-Flop Distribution
-------------------------

+--------------+-----------------------+------------------------+-----------------+--------------+
| Clock Enable | Synchronous Set/Reset | Asynchronous Set/Reset | Total Registers | Total Slices |
+--------------+-----------------------+------------------------+-----------------+--------------+
| No           | No                    | No                     |               0 |            0 |
| No           | No                    | Yes                    |              12 |            6 |
| No           | Yes                   | No                     |              16 |            7 |
| Yes          | No                    | No                     |               0 |            0 |
| Yes          | No                    | Yes                    |              10 |            3 |
| Yes          | Yes                   | No                     |               0 |            0 |
+--------------+-----------------------+------------------------+-----------------+--------------+


3. Detailed Control Set Information
-----------------------------------

+-----------------------------------+----------------------------+----------------------------------------------+------------------+----------------+
|            Clock Signal           |        Enable Signal       |               Set/Reset Signal               | Slice Load Count | Bel Load Count |
+-----------------------------------+----------------------------+----------------------------------------------+------------------+----------------+
|  system_i/clk_wiz_0/inst/clk_out1 |                            | system_i/vga_color_test_0/U0/rgb[7]_i_1_n_0  |                2 |              5 |
|  system_i/clk_wiz_0/inst/clk_out1 |                            | system_i/vga_color_test_0/U0/rgb[23]_i_1_n_0 |                1 |              5 |
|  system_i/clk_wiz_0/inst/clk_out1 |                            | system_i/vga_color_test_0/U0/rgb[15]_i_1_n_0 |                4 |              6 |
|  system_i/clk_wiz_0/inst/clk_out1 | system_i/vga_sync_0/U0/sel | system_i/inverter_0/x_not                    |                3 |             10 |
|  system_i/clk_wiz_0/inst/clk_out1 |                            | system_i/inverter_0/x_not                    |                6 |             12 |
+-----------------------------------+----------------------------+----------------------------------------------+------------------+----------------+


