Vivado Simulator 2016.4
Copyright 1986-1999, 2001-2016 Xilinx, Inc. All Rights Reserved.
Running: C:/Xilinx/Vivado/2016.4/bin/unwrapped/win64.o/xelab.exe -wto d126bb1c6d514804bf46986c6e6ddb5e --debug typical --relax --mt 2 -L xil_defaultlib -L secureip -L xpm --snapshot affine_block_wrapper_behav xil_defaultlib.affine_block_wrapper -log elaborate.log 
Using 2 slave threads.
Starting static elaboration
Completed static elaboration
Starting simulation data flow analysis
Completed simulation data flow analysis
Time Resolution for simulation is 1ps
Compiling package std.standard
Compiling package std.textio
Compiling package ieee.std_logic_1164
Compiling package unisim.vcomponents
Compiling package ieee.numeric_std
Compiling architecture structural of entity xil_defaultlib.ieee754_fp_adder_subtractor [ieee754_fp_adder_subtractor_defa...]
Compiling architecture affine_block_ieee754_fp_adder_subtractor_0_0_arch of entity xil_defaultlib.affine_block_ieee754_fp_adder_subtractor_0_0 [affine_block_ieee754_fp_adder_su...]
Compiling architecture affine_block_ieee754_fp_adder_subtractor_0_1_arch of entity xil_defaultlib.affine_block_ieee754_fp_adder_subtractor_0_1 [affine_block_ieee754_fp_adder_su...]
Compiling architecture structural of entity xil_defaultlib.ieee754_fp_multiplier [ieee754_fp_multiplier_default]
Compiling architecture affine_block_ieee754_fp_multiplier_0_0_arch of entity xil_defaultlib.affine_block_ieee754_fp_multiplier_0_0 [affine_block_ieee754_fp_multipli...]
Compiling architecture affine_block_ieee754_fp_multiplier_1_0_arch of entity xil_defaultlib.affine_block_ieee754_fp_multiplier_1_0 [affine_block_ieee754_fp_multipli...]
Compiling architecture affine_block_ieee754_fp_multiplier_1_1_arch of entity xil_defaultlib.affine_block_ieee754_fp_multiplier_1_1 [affine_block_ieee754_fp_multipli...]
Compiling architecture affine_block_ieee754_fp_multiplier_1_2_arch of entity xil_defaultlib.affine_block_ieee754_fp_multiplier_1_2 [affine_block_ieee754_fp_multipli...]
Compiling architecture structural of entity xil_defaultlib.ieee754_fp_to_uint [ieee754_fp_to_uint_default]
Compiling architecture affine_block_ieee754_fp_to_uint_0_0_arch of entity xil_defaultlib.affine_block_ieee754_fp_to_uint_0_0 [affine_block_ieee754_fp_to_uint_...]
Compiling architecture affine_block_ieee754_fp_to_uint_0_1_arch of entity xil_defaultlib.affine_block_ieee754_fp_to_uint_0_1 [affine_block_ieee754_fp_to_uint_...]
Compiling architecture structural of entity xil_defaultlib.uint_to_ieee754_fp [uint_to_ieee754_fp_default]
Compiling architecture affine_block_uint_to_ieee754_fp_0_0_arch of entity xil_defaultlib.affine_block_uint_to_ieee754_fp_0_0 [affine_block_uint_to_ieee754_fp_...]
Compiling architecture affine_block_uint_to_ieee754_fp_0_1_arch of entity xil_defaultlib.affine_block_uint_to_ieee754_fp_0_1 [affine_block_uint_to_ieee754_fp_...]
Compiling architecture structure of entity xil_defaultlib.affine_block [affine_block_default]
Compiling architecture structure of entity xil_defaultlib.affine_block_wrapper
Built simulation snapshot affine_block_wrapper_behav
