INFO: [VRFC 10-163] Analyzing VHDL file "C:/ZyboIP/general_ip/affine_transform/affine_transform.ip_user_files/bd/affine_block/ipshared/c36b/uint_to_ieee754_fp.vhd" into library xil_defaultlib
INFO: [VRFC 10-307] analyzing entity uint_to_ieee754_fp
INFO: [VRFC 10-163] Analyzing VHDL file "C:/ZyboIP/general_ip/affine_transform/affine_transform.ip_user_files/bd/affine_block/ip/affine_block_uint_to_ieee754_fp_0_0/sim/affine_block_uint_to_ieee754_fp_0_0.vhd" into library xil_defaultlib
INFO: [VRFC 10-307] analyzing entity affine_block_uint_to_ieee754_fp_0_0
INFO: [VRFC 10-163] Analyzing VHDL file "C:/ZyboIP/general_ip/affine_transform/affine_transform.ip_user_files/bd/affine_block/ip/affine_block_uint_to_ieee754_fp_0_1/sim/affine_block_uint_to_ieee754_fp_0_1.vhd" into library xil_defaultlib
INFO: [VRFC 10-307] analyzing entity affine_block_uint_to_ieee754_fp_0_1
INFO: [VRFC 10-163] Analyzing VHDL file "C:/ZyboIP/general_ip/affine_transform/affine_transform.ip_user_files/bd/affine_block/ipshared/0995/ieee754_fp_multiplier.vhd" into library xil_defaultlib
INFO: [VRFC 10-307] analyzing entity ieee754_fp_multiplier
INFO: [VRFC 10-163] Analyzing VHDL file "C:/ZyboIP/general_ip/affine_transform/affine_transform.ip_user_files/bd/affine_block/ip/affine_block_ieee754_fp_multiplier_0_0/sim/affine_block_ieee754_fp_multiplier_0_0.vhd" into library xil_defaultlib
INFO: [VRFC 10-307] analyzing entity affine_block_ieee754_fp_multiplier_0_0
INFO: [VRFC 10-163] Analyzing VHDL file "C:/ZyboIP/general_ip/affine_transform/affine_transform.ip_user_files/bd/affine_block/ip/affine_block_ieee754_fp_multiplier_1_0/sim/affine_block_ieee754_fp_multiplier_1_0.vhd" into library xil_defaultlib
INFO: [VRFC 10-307] analyzing entity affine_block_ieee754_fp_multiplier_1_0
INFO: [VRFC 10-163] Analyzing VHDL file "C:/ZyboIP/general_ip/affine_transform/affine_transform.ip_user_files/bd/affine_block/ip/affine_block_ieee754_fp_multiplier_1_1/sim/affine_block_ieee754_fp_multiplier_1_1.vhd" into library xil_defaultlib
INFO: [VRFC 10-307] analyzing entity affine_block_ieee754_fp_multiplier_1_1
INFO: [VRFC 10-163] Analyzing VHDL file "C:/ZyboIP/general_ip/affine_transform/affine_transform.ip_user_files/bd/affine_block/ip/affine_block_ieee754_fp_multiplier_1_2/sim/affine_block_ieee754_fp_multiplier_1_2.vhd" into library xil_defaultlib
INFO: [VRFC 10-307] analyzing entity affine_block_ieee754_fp_multiplier_1_2
INFO: [VRFC 10-163] Analyzing VHDL file "C:/ZyboIP/general_ip/affine_transform/affine_transform.ip_user_files/bd/affine_block/ipshared/d9f2/ieee754_fp_adder_subtractor.vhd" into library xil_defaultlib
INFO: [VRFC 10-307] analyzing entity ieee754_fp_adder_subtractor
INFO: [VRFC 10-163] Analyzing VHDL file "C:/ZyboIP/general_ip/affine_transform/affine_transform.ip_user_files/bd/affine_block/ip/affine_block_ieee754_fp_adder_subtractor_0_0/sim/affine_block_ieee754_fp_adder_subtractor_0_0.vhd" into library xil_defaultlib
INFO: [VRFC 10-307] analyzing entity affine_block_ieee754_fp_adder_subtractor_0_0
INFO: [VRFC 10-163] Analyzing VHDL file "C:/ZyboIP/general_ip/affine_transform/affine_transform.ip_user_files/bd/affine_block/ip/affine_block_ieee754_fp_adder_subtractor_0_1/sim/affine_block_ieee754_fp_adder_subtractor_0_1.vhd" into library xil_defaultlib
INFO: [VRFC 10-307] analyzing entity affine_block_ieee754_fp_adder_subtractor_0_1
INFO: [VRFC 10-163] Analyzing VHDL file "C:/ZyboIP/general_ip/affine_transform/affine_transform.ip_user_files/bd/affine_block/ipshared/9e57/ieee754_fp_to_uint.vhd" into library xil_defaultlib
INFO: [VRFC 10-307] analyzing entity ieee754_fp_to_uint
INFO: [VRFC 10-163] Analyzing VHDL file "C:/ZyboIP/general_ip/affine_transform/affine_transform.ip_user_files/bd/affine_block/ip/affine_block_ieee754_fp_to_uint_0_0/sim/affine_block_ieee754_fp_to_uint_0_0.vhd" into library xil_defaultlib
INFO: [VRFC 10-307] analyzing entity affine_block_ieee754_fp_to_uint_0_0
INFO: [VRFC 10-163] Analyzing VHDL file "C:/ZyboIP/general_ip/affine_transform/affine_transform.ip_user_files/bd/affine_block/ip/affine_block_ieee754_fp_to_uint_0_1/sim/affine_block_ieee754_fp_to_uint_0_1.vhd" into library xil_defaultlib
INFO: [VRFC 10-307] analyzing entity affine_block_ieee754_fp_to_uint_0_1
INFO: [VRFC 10-163] Analyzing VHDL file "C:/ZyboIP/general_ip/affine_transform/affine_transform.ip_user_files/bd/affine_block/hdl/affine_block.vhd" into library xil_defaultlib
INFO: [VRFC 10-307] analyzing entity affine_block
INFO: [VRFC 10-163] Analyzing VHDL file "C:/ZyboIP/general_ip/affine_transform/affine_transform.srcs/sources_1/bd/affine_block/hdl/affine_block_wrapper.vhd" into library xil_defaultlib
INFO: [VRFC 10-307] analyzing entity affine_block_wrapper
