
*** Running vivado
    with args -log system_xlconstant_0_2.vds -m64 -product Vivado -mode batch -messageDb vivado.pb -notrace -source system_xlconstant_0_2.tcl


****** Vivado v2016.4 (64-bit)
  **** SW Build 1733598 on Wed Dec 14 22:35:39 MST 2016
  **** IP Build 1731160 on Wed Dec 14 23:47:21 MST 2016
    ** Copyright 1986-2016 Xilinx, Inc. All Rights Reserved.

source system_xlconstant_0_2.tcl -notrace
Starting RTL Elaboration : Time (s): cpu = 00:00:07 ; elapsed = 00:00:09 . Memory (MB): peak = 348.703 ; gain = 138.492
INFO: [Synth 8-638] synthesizing module 'system_xlconstant_0_2' [c:/Zybo-Open-Source-Video-IP-Toolbox/video_processing_examples/affine_transform_demo/affine_transform_demo.srcs/sources_1/bd/system/ip/system_xlconstant_0_2/sim/system_xlconstant_0_2.vhd:35]
INFO: [Synth 8-638] synthesizing module 'xlconstant' [c:/Zybo-Open-Source-Video-IP-Toolbox/video_processing_examples/affine_transform_demo/affine_transform_demo.srcs/sources_1/bd/system/ipshared/e147/xlconstant.vhd:36]
INFO: [Synth 8-256] done synthesizing module 'xlconstant' (1#1) [c:/Zybo-Open-Source-Video-IP-Toolbox/video_processing_examples/affine_transform_demo/affine_transform_demo.srcs/sources_1/bd/system/ipshared/e147/xlconstant.vhd:36]
INFO: [Synth 8-256] done synthesizing module 'system_xlconstant_0_2' (2#1) [c:/Zybo-Open-Source-Video-IP-Toolbox/video_processing_examples/affine_transform_demo/affine_transform_demo.srcs/sources_1/bd/system/ip/system_xlconstant_0_2/sim/system_xlconstant_0_2.vhd:35]
Finished RTL Elaboration : Time (s): cpu = 00:00:08 ; elapsed = 00:00:09 . Memory (MB): peak = 386.066 ; gain = 175.855
Finished RTL Optimization Phase 1 : Time (s): cpu = 00:00:08 ; elapsed = 00:00:10 . Memory (MB): peak = 386.066 ; gain = 175.855
INFO: [Device 21-403] Loading part xc7z010clg400-1
Constraint Validation Runtime : Time (s): cpu = 00:00:00 ; elapsed = 00:00:00.008 . Memory (MB): peak = 579.102 ; gain = 0.000
Finished Constraint Validation : Time (s): cpu = 00:00:16 ; elapsed = 00:00:43 . Memory (MB): peak = 579.102 ; gain = 368.891
Finished Loading Part and Timing Information : Time (s): cpu = 00:00:16 ; elapsed = 00:00:43 . Memory (MB): peak = 579.102 ; gain = 368.891
Finished applying 'set_property' XDC Constraints : Time (s): cpu = 00:00:16 ; elapsed = 00:00:43 . Memory (MB): peak = 579.102 ; gain = 368.891
Finished RTL Optimization Phase 2 : Time (s): cpu = 00:00:16 ; elapsed = 00:00:43 . Memory (MB): peak = 579.102 ; gain = 368.891
Finished Cross Boundary and Area Optimization : Time (s): cpu = 00:00:17 ; elapsed = 00:00:43 . Memory (MB): peak = 579.102 ; gain = 368.891
Finished Applying XDC Timing Constraints : Time (s): cpu = 00:00:26 ; elapsed = 00:00:53 . Memory (MB): peak = 620.551 ; gain = 410.340
Finished Timing Optimization : Time (s): cpu = 00:00:26 ; elapsed = 00:00:53 . Memory (MB): peak = 620.551 ; gain = 410.340
Finished Technology Mapping : Time (s): cpu = 00:00:26 ; elapsed = 00:00:53 . Memory (MB): peak = 630.254 ; gain = 420.043
Finished IO Insertion : Time (s): cpu = 00:00:27 ; elapsed = 00:00:53 . Memory (MB): peak = 630.254 ; gain = 420.043
Finished Renaming Generated Instances : Time (s): cpu = 00:00:27 ; elapsed = 00:00:53 . Memory (MB): peak = 630.254 ; gain = 420.043
Finished Rebuilding User Hierarchy : Time (s): cpu = 00:00:27 ; elapsed = 00:00:53 . Memory (MB): peak = 630.254 ; gain = 420.043
Finished Renaming Generated Ports : Time (s): cpu = 00:00:27 ; elapsed = 00:00:53 . Memory (MB): peak = 630.254 ; gain = 420.043
Finished Handling Custom Attributes : Time (s): cpu = 00:00:27 ; elapsed = 00:00:53 . Memory (MB): peak = 630.254 ; gain = 420.043
Finished Renaming Generated Nets : Time (s): cpu = 00:00:27 ; elapsed = 00:00:53 . Memory (MB): peak = 630.254 ; gain = 420.043

Report Cell Usage: 
+-+-----+------+
| |Cell |Count |
+-+-----+------+
+-+-----+------+
Finished Writing Synthesis Report : Time (s): cpu = 00:00:27 ; elapsed = 00:00:53 . Memory (MB): peak = 630.254 ; gain = 420.043
synth_design: Time (s): cpu = 00:00:24 ; elapsed = 00:00:49 . Memory (MB): peak = 651.332 ; gain = 378.773
