
*** Running vivado
    with args -log system_affine_transform_0_1.vds -m64 -product Vivado -mode batch -messageDb vivado.pb -notrace -source system_affine_transform_0_1.tcl


****** Vivado v2016.4 (64-bit)
  **** SW Build 1733598 on Wed Dec 14 22:35:39 MST 2016
  **** IP Build 1731160 on Wed Dec 14 23:47:21 MST 2016
    ** Copyright 1986-2016 Xilinx, Inc. All Rights Reserved.

source system_affine_transform_0_1.tcl -notrace
Command: synth_design -top system_affine_transform_0_1 -part xc7z010clg400-1 -mode out_of_context
Starting synth_design
INFO: [IP_Flow 19-2162] IP 'system_affine_transform_0_1' is locked:
* IP definition 'affine_transform_v1_0 (1.0)' for IP 'system_affine_transform_0_1' (customized with software release 2016.4) has a different revision in the IP Catalog.
Please select 'Report IP Status' from the 'Tools/Report' menu or run Tcl command 'report_ip_status' for more information.
Attempting to get a license for feature 'Synthesis' and/or device 'xc7z010'
INFO: [Common 17-349] Got license for feature 'Synthesis' and/or device 'xc7z010'
INFO: Launching helper process for spawning children vivado processes
INFO: Helper process launched with PID 6372 
---------------------------------------------------------------------------------
Starting RTL Elaboration : Time (s): cpu = 00:00:07 ; elapsed = 00:00:09 . Memory (MB): peak = 349.605 ; gain = 139.297
---------------------------------------------------------------------------------
INFO: [Synth 8-638] synthesizing module 'system_affine_transform_0_1' [c:/Zybo-Open-Source-Video-IP-Toolbox/video_processing_examples/affine_transform_demo/affine_transform_demo.srcs/sources_1/bd/system/ip/system_affine_transform_0_1/synth/system_affine_transform_0_1.vhd:72]
	Parameter ADDRESS_WIDTH bound to: 10 - type: integer 
INFO: [Synth 8-3491] module 'affine_transform' declared at 'c:/Zybo-Open-Source-Video-IP-Toolbox/video_processing_examples/affine_transform_demo/affine_transform_demo.srcs/sources_1/bd/system/ipshared/596d/new/affine_transform.vhd:14' bound to instance 'U0' of component 'affine_transform' [c:/Zybo-Open-Source-Video-IP-Toolbox/video_processing_examples/affine_transform_demo/affine_transform_demo.srcs/sources_1/bd/system/ip/system_affine_transform_0_1/synth/system_affine_transform_0_1.vhd:102]
INFO: [Synth 8-638] synthesizing module 'affine_transform' [c:/Zybo-Open-Source-Video-IP-Toolbox/video_processing_examples/affine_transform_demo/affine_transform_demo.srcs/sources_1/bd/system/ipshared/596d/new/affine_transform.vhd:38]
	Parameter ADDRESS_WIDTH bound to: 10 - type: integer 
INFO: [Synth 8-3491] module 'system' declared at 'c:/Zybo-Open-Source-Video-IP-Toolbox/video_processing_examples/affine_transform_demo/affine_transform_demo.srcs/sources_1/bd/system/ipshared/596d/bd/system/hdl/system.vhd:14' bound to instance 'U1' of component 'system' [c:/Zybo-Open-Source-Video-IP-Toolbox/video_processing_examples/affine_transform_demo/affine_transform_demo.srcs/sources_1/bd/system/ipshared/596d/new/affine_transform.vhd:54]
INFO: [Synth 8-638] synthesizing module 'system' [c:/Zybo-Open-Source-Video-IP-Toolbox/video_processing_examples/affine_transform_demo/affine_transform_demo.srcs/sources_1/bd/system/ipshared/596d/bd/system/hdl/system.vhd:31]
INFO: [Synth 8-637] synthesizing blackbox instance 'ieee754_fp_adder_subtractor_0' of component 'system_ieee754_fp_adder_subtractor_0_0' [c:/Zybo-Open-Source-Video-IP-Toolbox/video_processing_examples/affine_transform_demo/affine_transform_demo.srcs/sources_1/bd/system/ipshared/596d/bd/system/hdl/system.vhd:123]
INFO: [Synth 8-637] synthesizing blackbox instance 'ieee754_fp_adder_subtractor_1' of component 'system_ieee754_fp_adder_subtractor_0_1' [c:/Zybo-Open-Source-Video-IP-Toolbox/video_processing_examples/affine_transform_demo/affine_transform_demo.srcs/sources_1/bd/system/ipshared/596d/bd/system/hdl/system.vhd:129]
INFO: [Synth 8-3491] module 'system_ieee754_fp_multiplier_0_0' declared at 'c:/Zybo-Open-Source-Video-IP-Toolbox/video_processing_examples/affine_transform_demo/affine_transform_demo.srcs/sources_1/bd/system/ip/system_affine_transform_0_1/bd/system/ip/system_ieee754_fp_multiplier_0_0/synth/system_ieee754_fp_multiplier_0_0.vhd:56' bound to instance 'ieee754_fp_multiplier_0' of component 'system_ieee754_fp_multiplier_0_0' [c:/Zybo-Open-Source-Video-IP-Toolbox/video_processing_examples/affine_transform_demo/affine_transform_demo.srcs/sources_1/bd/system/ipshared/596d/bd/system/hdl/system.vhd:135]
INFO: [Synth 8-638] synthesizing module 'system_ieee754_fp_multiplier_0_0' [c:/Zybo-Open-Source-Video-IP-Toolbox/video_processing_examples/affine_transform_demo/affine_transform_demo.srcs/sources_1/bd/system/ip/system_affine_transform_0_1/bd/system/ip/system_ieee754_fp_multiplier_0_0/synth/system_ieee754_fp_multiplier_0_0.vhd:64]
INFO: [Synth 8-3491] module 'ieee754_fp_multiplier' declared at 'c:/Zybo-Open-Source-Video-IP-Toolbox/video_processing_examples/affine_transform_demo/affine_transform_demo.srcs/sources_1/bd/system/ip/system_affine_transform_0_1/bd/system/ipshared/0995/ieee754_fp_multiplier.vhd:13' bound to instance 'U0' of component 'ieee754_fp_multiplier' [c:/Zybo-Open-Source-Video-IP-Toolbox/video_processing_examples/affine_transform_demo/affine_transform_demo.srcs/sources_1/bd/system/ip/system_affine_transform_0_1/bd/system/ip/system_ieee754_fp_multiplier_0_0/synth/system_ieee754_fp_multiplier_0_0.vhd:81]
INFO: [Synth 8-638] synthesizing module 'ieee754_fp_multiplier' [c:/Zybo-Open-Source-Video-IP-Toolbox/video_processing_examples/affine_transform_demo/affine_transform_demo.srcs/sources_1/bd/system/ip/system_affine_transform_0_1/bd/system/ipshared/0995/ieee754_fp_multiplier.vhd:21]
INFO: [Synth 8-256] done synthesizing module 'ieee754_fp_multiplier' (1#1) [c:/Zybo-Open-Source-Video-IP-Toolbox/video_processing_examples/affine_transform_demo/affine_transform_demo.srcs/sources_1/bd/system/ip/system_affine_transform_0_1/bd/system/ipshared/0995/ieee754_fp_multiplier.vhd:21]
INFO: [Synth 8-256] done synthesizing module 'system_ieee754_fp_multiplier_0_0' (2#1) [c:/Zybo-Open-Source-Video-IP-Toolbox/video_processing_examples/affine_transform_demo/affine_transform_demo.srcs/sources_1/bd/system/ip/system_affine_transform_0_1/bd/system/ip/system_ieee754_fp_multiplier_0_0/synth/system_ieee754_fp_multiplier_0_0.vhd:64]
INFO: [Synth 8-3491] module 'system_ieee754_fp_multiplier_0_1' declared at 'c:/Zybo-Open-Source-Video-IP-Toolbox/video_processing_examples/affine_transform_demo/affine_transform_demo.srcs/sources_1/bd/system/ip/system_affine_transform_0_1/bd/system/ip/system_ieee754_fp_multiplier_0_1/synth/system_ieee754_fp_multiplier_0_1.vhd:56' bound to instance 'ieee754_fp_multiplier_1' of component 'system_ieee754_fp_multiplier_0_1' [c:/Zybo-Open-Source-Video-IP-Toolbox/video_processing_examples/affine_transform_demo/affine_transform_demo.srcs/sources_1/bd/system/ipshared/596d/bd/system/hdl/system.vhd:141]
INFO: [Synth 8-638] synthesizing module 'system_ieee754_fp_multiplier_0_1' [c:/Zybo-Open-Source-Video-IP-Toolbox/video_processing_examples/affine_transform_demo/affine_transform_demo.srcs/sources_1/bd/system/ip/system_affine_transform_0_1/bd/system/ip/system_ieee754_fp_multiplier_0_1/synth/system_ieee754_fp_multiplier_0_1.vhd:64]
INFO: [Synth 8-3491] module 'ieee754_fp_multiplier' declared at 'c:/Zybo-Open-Source-Video-IP-Toolbox/video_processing_examples/affine_transform_demo/affine_transform_demo.srcs/sources_1/bd/system/ip/system_affine_transform_0_1/bd/system/ipshared/0995/ieee754_fp_multiplier.vhd:13' bound to instance 'U0' of component 'ieee754_fp_multiplier' [c:/Zybo-Open-Source-Video-IP-Toolbox/video_processing_examples/affine_transform_demo/affine_transform_demo.srcs/sources_1/bd/system/ip/system_affine_transform_0_1/bd/system/ip/system_ieee754_fp_multiplier_0_1/synth/system_ieee754_fp_multiplier_0_1.vhd:81]
INFO: [Synth 8-256] done synthesizing module 'system_ieee754_fp_multiplier_0_1' (3#1) [c:/Zybo-Open-Source-Video-IP-Toolbox/video_processing_examples/affine_transform_demo/affine_transform_demo.srcs/sources_1/bd/system/ip/system_affine_transform_0_1/bd/system/ip/system_ieee754_fp_multiplier_0_1/synth/system_ieee754_fp_multiplier_0_1.vhd:64]
INFO: [Synth 8-3491] module 'system_ieee754_fp_multiplier_1_0' declared at 'c:/Zybo-Open-Source-Video-IP-Toolbox/video_processing_examples/affine_transform_demo/affine_transform_demo.srcs/sources_1/bd/system/ip/system_affine_transform_0_1/bd/system/ip/system_ieee754_fp_multiplier_1_0/synth/system_ieee754_fp_multiplier_1_0.vhd:56' bound to instance 'ieee754_fp_multiplier_2' of component 'system_ieee754_fp_multiplier_1_0' [c:/Zybo-Open-Source-Video-IP-Toolbox/video_processing_examples/affine_transform_demo/affine_transform_demo.srcs/sources_1/bd/system/ipshared/596d/bd/system/hdl/system.vhd:147]
INFO: [Synth 8-638] synthesizing module 'system_ieee754_fp_multiplier_1_0' [c:/Zybo-Open-Source-Video-IP-Toolbox/video_processing_examples/affine_transform_demo/affine_transform_demo.srcs/sources_1/bd/system/ip/system_affine_transform_0_1/bd/system/ip/system_ieee754_fp_multiplier_1_0/synth/system_ieee754_fp_multiplier_1_0.vhd:64]
INFO: [Synth 8-3491] module 'ieee754_fp_multiplier' declared at 'c:/Zybo-Open-Source-Video-IP-Toolbox/video_processing_examples/affine_transform_demo/affine_transform_demo.srcs/sources_1/bd/system/ip/system_affine_transform_0_1/bd/system/ipshared/0995/ieee754_fp_multiplier.vhd:13' bound to instance 'U0' of component 'ieee754_fp_multiplier' [c:/Zybo-Open-Source-Video-IP-Toolbox/video_processing_examples/affine_transform_demo/affine_transform_demo.srcs/sources_1/bd/system/ip/system_affine_transform_0_1/bd/system/ip/system_ieee754_fp_multiplier_1_0/synth/system_ieee754_fp_multiplier_1_0.vhd:81]
INFO: [Synth 8-256] done synthesizing module 'system_ieee754_fp_multiplier_1_0' (4#1) [c:/Zybo-Open-Source-Video-IP-Toolbox/video_processing_examples/affine_transform_demo/affine_transform_demo.srcs/sources_1/bd/system/ip/system_affine_transform_0_1/bd/system/ip/system_ieee754_fp_multiplier_1_0/synth/system_ieee754_fp_multiplier_1_0.vhd:64]
INFO: [Synth 8-3491] module 'system_ieee754_fp_multiplier_2_0' declared at 'c:/Zybo-Open-Source-Video-IP-Toolbox/video_processing_examples/affine_transform_demo/affine_transform_demo.srcs/sources_1/bd/system/ip/system_affine_transform_0_1/bd/system/ip/system_ieee754_fp_multiplier_2_0/synth/system_ieee754_fp_multiplier_2_0.vhd:56' bound to instance 'ieee754_fp_multiplier_3' of component 'system_ieee754_fp_multiplier_2_0' [c:/Zybo-Open-Source-Video-IP-Toolbox/video_processing_examples/affine_transform_demo/affine_transform_demo.srcs/sources_1/bd/system/ipshared/596d/bd/system/hdl/system.vhd:153]
INFO: [Synth 8-638] synthesizing module 'system_ieee754_fp_multiplier_2_0' [c:/Zybo-Open-Source-Video-IP-Toolbox/video_processing_examples/affine_transform_demo/affine_transform_demo.srcs/sources_1/bd/system/ip/system_affine_transform_0_1/bd/system/ip/system_ieee754_fp_multiplier_2_0/synth/system_ieee754_fp_multiplier_2_0.vhd:64]
INFO: [Synth 8-3491] module 'ieee754_fp_multiplier' declared at 'c:/Zybo-Open-Source-Video-IP-Toolbox/video_processing_examples/affine_transform_demo/affine_transform_demo.srcs/sources_1/bd/system/ip/system_affine_transform_0_1/bd/system/ipshared/0995/ieee754_fp_multiplier.vhd:13' bound to instance 'U0' of component 'ieee754_fp_multiplier' [c:/Zybo-Open-Source-Video-IP-Toolbox/video_processing_examples/affine_transform_demo/affine_transform_demo.srcs/sources_1/bd/system/ip/system_affine_transform_0_1/bd/system/ip/system_ieee754_fp_multiplier_2_0/synth/system_ieee754_fp_multiplier_2_0.vhd:81]
INFO: [Synth 8-256] done synthesizing module 'system_ieee754_fp_multiplier_2_0' (5#1) [c:/Zybo-Open-Source-Video-IP-Toolbox/video_processing_examples/affine_transform_demo/affine_transform_demo.srcs/sources_1/bd/system/ip/system_affine_transform_0_1/bd/system/ip/system_ieee754_fp_multiplier_2_0/synth/system_ieee754_fp_multiplier_2_0.vhd:64]
INFO: [Synth 8-637] synthesizing blackbox instance 'ieee754_fp_to_uint_0' of component 'system_ieee754_fp_to_uint_0_0' [c:/Zybo-Open-Source-Video-IP-Toolbox/video_processing_examples/affine_transform_demo/affine_transform_demo.srcs/sources_1/bd/system/ipshared/596d/bd/system/hdl/system.vhd:159]
INFO: [Synth 8-637] synthesizing blackbox instance 'ieee754_fp_to_uint_1' of component 'system_ieee754_fp_to_uint_0_1' [c:/Zybo-Open-Source-Video-IP-Toolbox/video_processing_examples/affine_transform_demo/affine_transform_demo.srcs/sources_1/bd/system/ipshared/596d/bd/system/hdl/system.vhd:164]
INFO: [Synth 8-3491] module 'system_uint_to_ieee754_fp_0_0' declared at 'c:/Zybo-Open-Source-Video-IP-Toolbox/video_processing_examples/affine_transform_demo/affine_transform_demo.srcs/sources_1/bd/system/ip/system_affine_transform_0_1/bd/system/ip/system_uint_to_ieee754_fp_0_0/synth/system_uint_to_ieee754_fp_0_0.vhd:56' bound to instance 'uint_to_ieee754_fp_0' of component 'system_uint_to_ieee754_fp_0_0' [c:/Zybo-Open-Source-Video-IP-Toolbox/video_processing_examples/affine_transform_demo/affine_transform_demo.srcs/sources_1/bd/system/ipshared/596d/bd/system/hdl/system.vhd:169]
INFO: [Synth 8-638] synthesizing module 'system_uint_to_ieee754_fp_0_0' [c:/Zybo-Open-Source-Video-IP-Toolbox/video_processing_examples/affine_transform_demo/affine_transform_demo.srcs/sources_1/bd/system/ip/system_affine_transform_0_1/bd/system/ip/system_uint_to_ieee754_fp_0_0/synth/system_uint_to_ieee754_fp_0_0.vhd:63]
	Parameter WIDTH bound to: 10 - type: integer 
INFO: [Synth 8-3491] module 'uint_to_ieee754_fp' declared at 'c:/Zybo-Open-Source-Video-IP-Toolbox/video_processing_examples/affine_transform_demo/affine_transform_demo.srcs/sources_1/bd/system/ip/system_affine_transform_0_1/bd/system/ipshared/c36b/uint_to_ieee754_fp.vhd:13' bound to instance 'U0' of component 'uint_to_ieee754_fp' [c:/Zybo-Open-Source-Video-IP-Toolbox/video_processing_examples/affine_transform_demo/affine_transform_demo.srcs/sources_1/bd/system/ip/system_affine_transform_0_1/bd/system/ip/system_uint_to_ieee754_fp_0_0/synth/system_uint_to_ieee754_fp_0_0.vhd:82]
INFO: [Synth 8-638] synthesizing module 'uint_to_ieee754_fp' [c:/Zybo-Open-Source-Video-IP-Toolbox/video_processing_examples/affine_transform_demo/affine_transform_demo.srcs/sources_1/bd/system/ip/system_affine_transform_0_1/bd/system/ipshared/c36b/uint_to_ieee754_fp.vhd:23]
	Parameter WIDTH bound to: 10 - type: integer 
INFO: [Synth 8-256] done synthesizing module 'uint_to_ieee754_fp' (6#1) [c:/Zybo-Open-Source-Video-IP-Toolbox/video_processing_examples/affine_transform_demo/affine_transform_demo.srcs/sources_1/bd/system/ip/system_affine_transform_0_1/bd/system/ipshared/c36b/uint_to_ieee754_fp.vhd:23]
INFO: [Synth 8-256] done synthesizing module 'system_uint_to_ieee754_fp_0_0' (7#1) [c:/Zybo-Open-Source-Video-IP-Toolbox/video_processing_examples/affine_transform_demo/affine_transform_demo.srcs/sources_1/bd/system/ip/system_affine_transform_0_1/bd/system/ip/system_uint_to_ieee754_fp_0_0/synth/system_uint_to_ieee754_fp_0_0.vhd:63]
INFO: [Synth 8-3491] module 'system_uint_to_ieee754_fp_0_1' declared at 'c:/Zybo-Open-Source-Video-IP-Toolbox/video_processing_examples/affine_transform_demo/affine_transform_demo.srcs/sources_1/bd/system/ip/system_affine_transform_0_1/bd/system/ip/system_uint_to_ieee754_fp_0_1/synth/system_uint_to_ieee754_fp_0_1.vhd:56' bound to instance 'uint_to_ieee754_fp_1' of component 'system_uint_to_ieee754_fp_0_1' [c:/Zybo-Open-Source-Video-IP-Toolbox/video_processing_examples/affine_transform_demo/affine_transform_demo.srcs/sources_1/bd/system/ipshared/596d/bd/system/hdl/system.vhd:174]
INFO: [Synth 8-638] synthesizing module 'system_uint_to_ieee754_fp_0_1' [c:/Zybo-Open-Source-Video-IP-Toolbox/video_processing_examples/affine_transform_demo/affine_transform_demo.srcs/sources_1/bd/system/ip/system_affine_transform_0_1/bd/system/ip/system_uint_to_ieee754_fp_0_1/synth/system_uint_to_ieee754_fp_0_1.vhd:63]
	Parameter WIDTH bound to: 10 - type: integer 
INFO: [Synth 8-3491] module 'uint_to_ieee754_fp' declared at 'c:/Zybo-Open-Source-Video-IP-Toolbox/video_processing_examples/affine_transform_demo/affine_transform_demo.srcs/sources_1/bd/system/ip/system_affine_transform_0_1/bd/system/ipshared/c36b/uint_to_ieee754_fp.vhd:13' bound to instance 'U0' of component 'uint_to_ieee754_fp' [c:/Zybo-Open-Source-Video-IP-Toolbox/video_processing_examples/affine_transform_demo/affine_transform_demo.srcs/sources_1/bd/system/ip/system_affine_transform_0_1/bd/system/ip/system_uint_to_ieee754_fp_0_1/synth/system_uint_to_ieee754_fp_0_1.vhd:82]
INFO: [Synth 8-256] done synthesizing module 'system_uint_to_ieee754_fp_0_1' (8#1) [c:/Zybo-Open-Source-Video-IP-Toolbox/video_processing_examples/affine_transform_demo/affine_transform_demo.srcs/sources_1/bd/system/ip/system_affine_transform_0_1/bd/system/ip/system_uint_to_ieee754_fp_0_1/synth/system_uint_to_ieee754_fp_0_1.vhd:63]
INFO: [Synth 8-256] done synthesizing module 'system' (9#1) [c:/Zybo-Open-Source-Video-IP-Toolbox/video_processing_examples/affine_transform_demo/affine_transform_demo.srcs/sources_1/bd/system/ipshared/596d/bd/system/hdl/system.vhd:31]
INFO: [Synth 8-256] done synthesizing module 'affine_transform' (10#1) [c:/Zybo-Open-Source-Video-IP-Toolbox/video_processing_examples/affine_transform_demo/affine_transform_demo.srcs/sources_1/bd/system/ipshared/596d/new/affine_transform.vhd:38]
INFO: [Synth 8-256] done synthesizing module 'system_affine_transform_0_1' (11#1) [c:/Zybo-Open-Source-Video-IP-Toolbox/video_processing_examples/affine_transform_demo/affine_transform_demo.srcs/sources_1/bd/system/ip/system_affine_transform_0_1/synth/system_affine_transform_0_1.vhd:72]
WARNING: [Synth 8-3331] design affine_transform has unconnected port x_translate[10]
WARNING: [Synth 8-3331] design affine_transform has unconnected port y_translate[10]
---------------------------------------------------------------------------------
Finished RTL Elaboration : Time (s): cpu = 00:00:08 ; elapsed = 00:00:10 . Memory (MB): peak = 386.914 ; gain = 176.605
---------------------------------------------------------------------------------

Report Check Netlist: 
+------+------------------+-------+---------+-------+------------------+
|      |Item              |Errors |Warnings |Status |Description       |
+------+------------------+-------+---------+-------+------------------+
|1     |multi_driven_nets |      0|        0|Passed |Multi driven nets |
+------+------------------+-------+---------+-------+------------------+
---------------------------------------------------------------------------------
Finished RTL Optimization Phase 1 : Time (s): cpu = 00:00:08 ; elapsed = 00:00:10 . Memory (MB): peak = 386.914 ; gain = 176.605
---------------------------------------------------------------------------------
WARNING: [Project 1-486] Could not resolve non-primitive black box cell 'system_ieee754_fp_adder_subtractor_0_0' instantiated as 'U0/U1/ieee754_fp_adder_subtractor_0' [c:/Zybo-Open-Source-Video-IP-Toolbox/video_processing_examples/affine_transform_demo/affine_transform_demo.srcs/sources_1/bd/system/ipshared/596d/bd/system/hdl/system.vhd:123]
WARNING: [Project 1-486] Could not resolve non-primitive black box cell 'system_ieee754_fp_adder_subtractor_0_1' instantiated as 'U0/U1/ieee754_fp_adder_subtractor_1' [c:/Zybo-Open-Source-Video-IP-Toolbox/video_processing_examples/affine_transform_demo/affine_transform_demo.srcs/sources_1/bd/system/ipshared/596d/bd/system/hdl/system.vhd:129]
WARNING: [Project 1-486] Could not resolve non-primitive black box cell 'system_ieee754_fp_to_uint_0_0' instantiated as 'U0/U1/ieee754_fp_to_uint_0' [c:/Zybo-Open-Source-Video-IP-Toolbox/video_processing_examples/affine_transform_demo/affine_transform_demo.srcs/sources_1/bd/system/ipshared/596d/bd/system/hdl/system.vhd:159]
WARNING: [Project 1-486] Could not resolve non-primitive black box cell 'system_ieee754_fp_to_uint_0_1' instantiated as 'U0/U1/ieee754_fp_to_uint_1' [c:/Zybo-Open-Source-Video-IP-Toolbox/video_processing_examples/affine_transform_demo/affine_transform_demo.srcs/sources_1/bd/system/ipshared/596d/bd/system/hdl/system.vhd:164]
INFO: [Device 21-403] Loading part xc7z010clg400-1
INFO: [Project 1-570] Preparing netlist for logic optimization

Processing XDC Constraints
Initializing timing engine
Parsing XDC File [c:/Zybo-Open-Source-Video-IP-Toolbox/video_processing_examples/affine_transform_demo/affine_transform_demo.srcs/sources_1/bd/system/ip/system_affine_transform_0_1/bd/system/system_ooc.xdc] for cell 'U0/U1'
Finished Parsing XDC File [c:/Zybo-Open-Source-Video-IP-Toolbox/video_processing_examples/affine_transform_demo/affine_transform_demo.srcs/sources_1/bd/system/ip/system_affine_transform_0_1/bd/system/system_ooc.xdc] for cell 'U0/U1'
Parsing XDC File [C:/Zybo-Open-Source-Video-IP-Toolbox/video_processing_examples/affine_transform_demo/affine_transform_demo.runs/system_affine_transform_0_1_synth_1/dont_touch.xdc]
Finished Parsing XDC File [C:/Zybo-Open-Source-Video-IP-Toolbox/video_processing_examples/affine_transform_demo/affine_transform_demo.runs/system_affine_transform_0_1_synth_1/dont_touch.xdc]
Completed Processing XDC Constraints

INFO: [Project 1-111] Unisim Transformation Summary:
No Unisim elements were transformed.

Constraint Validation Runtime : Time (s): cpu = 00:00:00 ; elapsed = 00:00:00.087 . Memory (MB): peak = 683.699 ; gain = 0.000
---------------------------------------------------------------------------------
Finished Constraint Validation : Time (s): cpu = 00:00:16 ; elapsed = 00:00:43 . Memory (MB): peak = 683.699 ; gain = 473.391
---------------------------------------------------------------------------------
---------------------------------------------------------------------------------
Start Loading Part and Timing Information
---------------------------------------------------------------------------------
Loading part: xc7z010clg400-1
---------------------------------------------------------------------------------
Finished Loading Part and Timing Information : Time (s): cpu = 00:00:16 ; elapsed = 00:00:43 . Memory (MB): peak = 683.699 ; gain = 473.391
---------------------------------------------------------------------------------
---------------------------------------------------------------------------------
Start Applying 'set_property' XDC Constraints
---------------------------------------------------------------------------------
Applied set_property DONT_TOUCH = true for U0/U1. (constraint file  auto generated constraint, line ).
Applied set_property DONT_TOUCH = true for U0/U1/ieee754_fp_adder_subtractor_0. (constraint file  auto generated constraint, line ).
Applied set_property DONT_TOUCH = true for U0/U1/ieee754_fp_adder_subtractor_1. (constraint file  auto generated constraint, line ).
Applied set_property DONT_TOUCH = true for U0/U1/ieee754_fp_multiplier_0. (constraint file  auto generated constraint, line ).
Applied set_property DONT_TOUCH = true for U0/U1/ieee754_fp_multiplier_1. (constraint file  auto generated constraint, line ).
Applied set_property DONT_TOUCH = true for U0/U1/ieee754_fp_multiplier_2. (constraint file  auto generated constraint, line ).
Applied set_property DONT_TOUCH = true for U0/U1/ieee754_fp_multiplier_3. (constraint file  auto generated constraint, line ).
Applied set_property DONT_TOUCH = true for U0/U1/ieee754_fp_to_uint_0. (constraint file  auto generated constraint, line ).
Applied set_property DONT_TOUCH = true for U0/U1/ieee754_fp_to_uint_1. (constraint file  auto generated constraint, line ).
Applied set_property DONT_TOUCH = true for U0/U1/uint_to_ieee754_fp_0. (constraint file  auto generated constraint, line ).
Applied set_property DONT_TOUCH = true for U0/U1/uint_to_ieee754_fp_1. (constraint file  auto generated constraint, line ).
---------------------------------------------------------------------------------
Finished applying 'set_property' XDC Constraints : Time (s): cpu = 00:00:16 ; elapsed = 00:00:43 . Memory (MB): peak = 683.699 ; gain = 473.391
---------------------------------------------------------------------------------
INFO: [Synth 8-5845] Not enough pipeline registers after wide multiplier. Recommended levels of pipeline registers is 2 [c:/Zybo-Open-Source-Video-IP-Toolbox/video_processing_examples/affine_transform_demo/affine_transform_demo.srcs/sources_1/bd/system/ip/system_affine_transform_0_1/bd/system/ipshared/0995/ieee754_fp_multiplier.vhd:55]
INFO: [Synth 8-5544] ROM "mantissa" won't be mapped to Block RAM because address size (1) smaller than threshold (5)
WARNING: [Synth 8-327] inferring latch for variable 'mantissa_reg' [c:/Zybo-Open-Source-Video-IP-Toolbox/video_processing_examples/affine_transform_demo/affine_transform_demo.srcs/sources_1/bd/system/ip/system_affine_transform_0_1/bd/system/ipshared/c36b/uint_to_ieee754_fp.vhd:29]
---------------------------------------------------------------------------------
Finished RTL Optimization Phase 2 : Time (s): cpu = 00:00:17 ; elapsed = 00:00:43 . Memory (MB): peak = 683.699 ; gain = 473.391
---------------------------------------------------------------------------------

Report RTL Partitions: 
+-+--------------+------------+----------+
| |RTL Partition |Replication |Instances |
+-+--------------+------------+----------+
+-+--------------+------------+----------+
---------------------------------------------------------------------------------
Start RTL Component Statistics 
---------------------------------------------------------------------------------
Detailed RTL Component Info : 
+---Adders : 
	   2 Input     32 Bit       Adders := 12    
	   2 Input     31 Bit       Adders := 6     
	   2 Input     23 Bit       Adders := 4     
	   2 Input     10 Bit       Adders := 2     
	   4 Input      8 Bit       Adders := 8     
+---XORs : 
	   2 Input      1 Bit         XORs := 4     
+---Registers : 
	               10 Bit    Registers := 4     
+---Muxes : 
	  48 Input     32 Bit        Muxes := 4     
	   2 Input     31 Bit        Muxes := 6     
	   2 Input     23 Bit        Muxes := 12    
	  11 Input     11 Bit        Muxes := 2     
	   2 Input     10 Bit        Muxes := 2     
	   2 Input      8 Bit        Muxes := 10    
	   2 Input      1 Bit        Muxes := 4     
---------------------------------------------------------------------------------
Finished RTL Component Statistics 
---------------------------------------------------------------------------------
---------------------------------------------------------------------------------
Start RTL Hierarchical Component Statistics 
---------------------------------------------------------------------------------
Hierarchical RTL Component report 
Module ieee754_fp_multiplier 
Detailed RTL Component Info : 
+---Adders : 
	   2 Input     32 Bit       Adders := 2     
	   2 Input     31 Bit       Adders := 1     
	   2 Input     23 Bit       Adders := 1     
	   4 Input      8 Bit       Adders := 2     
+---XORs : 
	   2 Input      1 Bit         XORs := 1     
+---Muxes : 
	  48 Input     32 Bit        Muxes := 1     
	   2 Input     31 Bit        Muxes := 1     
	   2 Input     23 Bit        Muxes := 2     
	   2 Input      8 Bit        Muxes := 2     
	   2 Input      1 Bit        Muxes := 1     
Module uint_to_ieee754_fp 
Detailed RTL Component Info : 
+---Adders : 
	   2 Input     32 Bit       Adders := 2     
	   2 Input     31 Bit       Adders := 1     
+---Muxes : 
	   2 Input     31 Bit        Muxes := 1     
	   2 Input     23 Bit        Muxes := 2     
	  11 Input     11 Bit        Muxes := 1     
	   2 Input     10 Bit        Muxes := 1     
	   2 Input      8 Bit        Muxes := 1     
Module affine_transform 
Detailed RTL Component Info : 
+---Adders : 
	   2 Input     10 Bit       Adders := 2     
+---Registers : 
	               10 Bit    Registers := 4     
---------------------------------------------------------------------------------
Finished RTL Hierarchical Component Statistics
---------------------------------------------------------------------------------
---------------------------------------------------------------------------------
Start Part Resource Summary
---------------------------------------------------------------------------------
Part Resources:
DSPs: 80 (col length:40)
BRAMs: 120 (col length: RAMB18 40 RAMB36 20)
---------------------------------------------------------------------------------
Finished Part Resource Summary
---------------------------------------------------------------------------------
---------------------------------------------------------------------------------
Start Cross Boundary and Area Optimization
---------------------------------------------------------------------------------
INFO: [Synth 8-5546] ROM "p_0_out" won't be mapped to RAM because it is too sparse
DSP Report: Generating DSP U0/msb1, operation Mode is: A*B.
DSP Report: operator U0/msb1 is absorbed into DSP U0/msb1.
DSP Report: operator U0/msb1 is absorbed into DSP U0/msb1.
DSP Report: Generating DSP U0/msb1, operation Mode is: (PCIN>>17)+A*B.
DSP Report: operator U0/msb1 is absorbed into DSP U0/msb1.
DSP Report: operator U0/msb1 is absorbed into DSP U0/msb1.
INFO: [Synth 8-5546] ROM "p_0_out" won't be mapped to RAM because it is too sparse
DSP Report: Generating DSP U0/msb1, operation Mode is: A*B.
DSP Report: operator U0/msb1 is absorbed into DSP U0/msb1.
DSP Report: operator U0/msb1 is absorbed into DSP U0/msb1.
DSP Report: Generating DSP U0/msb1, operation Mode is: (PCIN>>17)+A*B.
DSP Report: operator U0/msb1 is absorbed into DSP U0/msb1.
DSP Report: operator U0/msb1 is absorbed into DSP U0/msb1.
INFO: [Synth 8-5546] ROM "p_0_out" won't be mapped to RAM because it is too sparse
DSP Report: Generating DSP U0/msb1, operation Mode is: A*B.
DSP Report: operator U0/msb1 is absorbed into DSP U0/msb1.
DSP Report: operator U0/msb1 is absorbed into DSP U0/msb1.
DSP Report: Generating DSP U0/msb1, operation Mode is: (PCIN>>17)+A*B.
DSP Report: operator U0/msb1 is absorbed into DSP U0/msb1.
DSP Report: operator U0/msb1 is absorbed into DSP U0/msb1.
INFO: [Synth 8-5546] ROM "p_0_out" won't be mapped to RAM because it is too sparse
DSP Report: Generating DSP U0/msb1, operation Mode is: A*B.
DSP Report: operator U0/msb1 is absorbed into DSP U0/msb1.
DSP Report: operator U0/msb1 is absorbed into DSP U0/msb1.
DSP Report: Generating DSP U0/msb1, operation Mode is: (PCIN>>17)+A*B.
DSP Report: operator U0/msb1 is absorbed into DSP U0/msb1.
DSP Report: operator U0/msb1 is absorbed into DSP U0/msb1.
WARNING: [Synth 8-3331] design system_affine_transform_0_1 has unconnected port x_translate[10]
WARNING: [Synth 8-3331] design system_affine_transform_0_1 has unconnected port y_translate[10]
INFO: [Synth 8-3886] merging instance 'U0/U1/uint_to_ieee754_fp_0/U0/mantissa_reg[0]' (LD) to 'U0/U1/uint_to_ieee754_fp_0/U0/mantissa_reg[12]'
INFO: [Synth 8-3886] merging instance 'U0/U1/uint_to_ieee754_fp_0/U0/mantissa_reg[1]' (LD) to 'U0/U1/uint_to_ieee754_fp_0/U0/mantissa_reg[12]'
INFO: [Synth 8-3886] merging instance 'U0/U1/uint_to_ieee754_fp_0/U0/mantissa_reg[2]' (LD) to 'U0/U1/uint_to_ieee754_fp_0/U0/mantissa_reg[12]'
INFO: [Synth 8-3886] merging instance 'U0/U1/uint_to_ieee754_fp_0/U0/mantissa_reg[3]' (LD) to 'U0/U1/uint_to_ieee754_fp_0/U0/mantissa_reg[12]'
INFO: [Synth 8-3886] merging instance 'U0/U1/uint_to_ieee754_fp_0/U0/mantissa_reg[4]' (LD) to 'U0/U1/uint_to_ieee754_fp_0/U0/mantissa_reg[12]'
INFO: [Synth 8-3886] merging instance 'U0/U1/uint_to_ieee754_fp_0/U0/mantissa_reg[5]' (LD) to 'U0/U1/uint_to_ieee754_fp_0/U0/mantissa_reg[12]'
INFO: [Synth 8-3886] merging instance 'U0/U1/uint_to_ieee754_fp_0/U0/mantissa_reg[6]' (LD) to 'U0/U1/uint_to_ieee754_fp_0/U0/mantissa_reg[12]'
INFO: [Synth 8-3886] merging instance 'U0/U1/uint_to_ieee754_fp_0/U0/mantissa_reg[7]' (LD) to 'U0/U1/uint_to_ieee754_fp_0/U0/mantissa_reg[12]'
INFO: [Synth 8-3886] merging instance 'U0/U1/uint_to_ieee754_fp_0/U0/mantissa_reg[8]' (LD) to 'U0/U1/uint_to_ieee754_fp_0/U0/mantissa_reg[12]'
INFO: [Synth 8-3886] merging instance 'U0/U1/uint_to_ieee754_fp_0/U0/mantissa_reg[9]' (LD) to 'U0/U1/uint_to_ieee754_fp_0/U0/mantissa_reg[12]'
INFO: [Synth 8-3886] merging instance 'U0/U1/uint_to_ieee754_fp_0/U0/mantissa_reg[10]' (LD) to 'U0/U1/uint_to_ieee754_fp_0/U0/mantissa_reg[12]'
INFO: [Synth 8-3886] merging instance 'U0/U1/uint_to_ieee754_fp_0/U0/mantissa_reg[11]' (LD) to 'U0/U1/uint_to_ieee754_fp_0/U0/mantissa_reg[12]'
INFO: [Synth 8-3333] propagating constant 0 across sequential element (\U0/U1 /uint_to_ieee754_fp_0/\U0/mantissa_reg[12] )
INFO: [Synth 8-3332] Sequential element (U0/mantissa_reg[12]) is unused and will be removed from module system_uint_to_ieee754_fp_0_0.
INFO: [Synth 8-3886] merging instance 'U0/U1/uint_to_ieee754_fp_1/U0/mantissa_reg[0]' (LD) to 'U0/U1/uint_to_ieee754_fp_1/U0/mantissa_reg[12]'
INFO: [Synth 8-3886] merging instance 'U0/U1/uint_to_ieee754_fp_1/U0/mantissa_reg[1]' (LD) to 'U0/U1/uint_to_ieee754_fp_1/U0/mantissa_reg[12]'
INFO: [Synth 8-3886] merging instance 'U0/U1/uint_to_ieee754_fp_1/U0/mantissa_reg[2]' (LD) to 'U0/U1/uint_to_ieee754_fp_1/U0/mantissa_reg[12]'
INFO: [Synth 8-3886] merging instance 'U0/U1/uint_to_ieee754_fp_1/U0/mantissa_reg[3]' (LD) to 'U0/U1/uint_to_ieee754_fp_1/U0/mantissa_reg[12]'
INFO: [Synth 8-3886] merging instance 'U0/U1/uint_to_ieee754_fp_1/U0/mantissa_reg[4]' (LD) to 'U0/U1/uint_to_ieee754_fp_1/U0/mantissa_reg[12]'
INFO: [Synth 8-3886] merging instance 'U0/U1/uint_to_ieee754_fp_1/U0/mantissa_reg[5]' (LD) to 'U0/U1/uint_to_ieee754_fp_1/U0/mantissa_reg[12]'
INFO: [Synth 8-3886] merging instance 'U0/U1/uint_to_ieee754_fp_1/U0/mantissa_reg[6]' (LD) to 'U0/U1/uint_to_ieee754_fp_1/U0/mantissa_reg[12]'
INFO: [Synth 8-3886] merging instance 'U0/U1/uint_to_ieee754_fp_1/U0/mantissa_reg[7]' (LD) to 'U0/U1/uint_to_ieee754_fp_1/U0/mantissa_reg[12]'
INFO: [Synth 8-3886] merging instance 'U0/U1/uint_to_ieee754_fp_1/U0/mantissa_reg[8]' (LD) to 'U0/U1/uint_to_ieee754_fp_1/U0/mantissa_reg[12]'
INFO: [Synth 8-3886] merging instance 'U0/U1/uint_to_ieee754_fp_1/U0/mantissa_reg[9]' (LD) to 'U0/U1/uint_to_ieee754_fp_1/U0/mantissa_reg[12]'
INFO: [Synth 8-3886] merging instance 'U0/U1/uint_to_ieee754_fp_1/U0/mantissa_reg[10]' (LD) to 'U0/U1/uint_to_ieee754_fp_1/U0/mantissa_reg[12]'
INFO: [Synth 8-3886] merging instance 'U0/U1/uint_to_ieee754_fp_1/U0/mantissa_reg[11]' (LD) to 'U0/U1/uint_to_ieee754_fp_1/U0/mantissa_reg[12]'
INFO: [Synth 8-3333] propagating constant 0 across sequential element (\U0/U1 /uint_to_ieee754_fp_1/\U0/mantissa_reg[12] )
INFO: [Synth 8-3332] Sequential element (U0/mantissa_reg[12]) is unused and will be removed from module system_uint_to_ieee754_fp_0_1.
---------------------------------------------------------------------------------
Finished Cross Boundary and Area Optimization : Time (s): cpu = 00:00:24 ; elapsed = 00:00:50 . Memory (MB): peak = 683.699 ; gain = 473.391
---------------------------------------------------------------------------------
---------------------------------------------------------------------------------
Start ROM, RAM, DSP and Shift Register Reporting
---------------------------------------------------------------------------------

DSP: Preliminary Mapping  Report (see note below)
+----------------------+----------------+--------+--------+--------+--------+--------+------+------+------+------+-------+------+------+
|Module Name           | DSP Mapping    | A Size | B Size | C Size | D Size | P Size | AREG | BREG | CREG | DREG | ADREG | MREG | PREG | 
+----------------------+----------------+--------+--------+--------+--------+--------+------+------+------+------+-------+------+------+
|ieee754_fp_multiplier | A*B            | 25     | 18     | -      | -      | 48     | 0    | 0    | -    | -    | -     | 0    | 0    | 
|ieee754_fp_multiplier | (PCIN>>17)+A*B | 25     | 8      | -      | -      | 31     | 0    | 0    | -    | -    | -     | 0    | 0    | 
|ieee754_fp_multiplier | A*B            | 25     | 18     | -      | -      | 48     | 0    | 0    | -    | -    | -     | 0    | 0    | 
|ieee754_fp_multiplier | (PCIN>>17)+A*B | 25     | 8      | -      | -      | 31     | 0    | 0    | -    | -    | -     | 0    | 0    | 
|ieee754_fp_multiplier | A*B            | 25     | 18     | -      | -      | 48     | 0    | 0    | -    | -    | -     | 0    | 0    | 
|ieee754_fp_multiplier | (PCIN>>17)+A*B | 25     | 8      | -      | -      | 31     | 0    | 0    | -    | -    | -     | 0    | 0    | 
|ieee754_fp_multiplier | A*B            | 25     | 18     | -      | -      | 48     | 0    | 0    | -    | -    | -     | 0    | 0    | 
|ieee754_fp_multiplier | (PCIN>>17)+A*B | 25     | 8      | -      | -      | 31     | 0    | 0    | -    | -    | -     | 0    | 0    | 
+----------------------+----------------+--------+--------+--------+--------+--------+------+------+------+------+-------+------+------+

Note: The table above is a preliminary report that shows the DSPs inferred at the current stage of the synthesis flow. Some DSP may be reimplemented as non DSP primitives later in the synthesis flow. Multiple instantiated DSPs are reported only once.
---------------------------------------------------------------------------------
Finished ROM, RAM, DSP and Shift Register Reporting
---------------------------------------------------------------------------------

Report RTL Partitions: 
+-+--------------+------------+----------+
| |RTL Partition |Replication |Instances |
+-+--------------+------------+----------+
+-+--------------+------------+----------+
---------------------------------------------------------------------------------
Start Timing Optimization
---------------------------------------------------------------------------------
---------------------------------------------------------------------------------
Start Applying XDC Timing Constraints
---------------------------------------------------------------------------------
---------------------------------------------------------------------------------
Finished Applying XDC Timing Constraints : Time (s): cpu = 00:00:37 ; elapsed = 00:01:04 . Memory (MB): peak = 715.605 ; gain = 505.297
---------------------------------------------------------------------------------
---------------------------------------------------------------------------------
Finished Timing Optimization : Time (s): cpu = 00:00:37 ; elapsed = 00:01:04 . Memory (MB): peak = 715.605 ; gain = 505.297
---------------------------------------------------------------------------------

Report RTL Partitions: 
+-+--------------+------------+----------+
| |RTL Partition |Replication |Instances |
+-+--------------+------------+----------+
+-+--------------+------------+----------+
---------------------------------------------------------------------------------
Start Technology Mapping
---------------------------------------------------------------------------------
---------------------------------------------------------------------------------
Finished Technology Mapping : Time (s): cpu = 00:00:38 ; elapsed = 00:01:05 . Memory (MB): peak = 744.867 ; gain = 534.559
---------------------------------------------------------------------------------

Report RTL Partitions: 
+-+--------------+------------+----------+
| |RTL Partition |Replication |Instances |
+-+--------------+------------+----------+
+-+--------------+------------+----------+
---------------------------------------------------------------------------------
Start IO Insertion
---------------------------------------------------------------------------------
---------------------------------------------------------------------------------
Start Flattening Before IO Insertion
---------------------------------------------------------------------------------
---------------------------------------------------------------------------------
Finished Flattening Before IO Insertion
---------------------------------------------------------------------------------
---------------------------------------------------------------------------------
Start Final Netlist Cleanup
---------------------------------------------------------------------------------
---------------------------------------------------------------------------------
Finished Final Netlist Cleanup
---------------------------------------------------------------------------------
---------------------------------------------------------------------------------
Finished IO Insertion : Time (s): cpu = 00:00:39 ; elapsed = 00:01:06 . Memory (MB): peak = 744.867 ; gain = 534.559
---------------------------------------------------------------------------------

Report Check Netlist: 
+------+------------------+-------+---------+-------+------------------+
|      |Item              |Errors |Warnings |Status |Description       |
+------+------------------+-------+---------+-------+------------------+
|1     |multi_driven_nets |      0|        0|Passed |Multi driven nets |
+------+------------------+-------+---------+-------+------------------+
---------------------------------------------------------------------------------
Start Renaming Generated Instances
---------------------------------------------------------------------------------
---------------------------------------------------------------------------------
Finished Renaming Generated Instances : Time (s): cpu = 00:00:39 ; elapsed = 00:01:06 . Memory (MB): peak = 744.867 ; gain = 534.559
---------------------------------------------------------------------------------

Report RTL Partitions: 
+-+--------------+------------+----------+
| |RTL Partition |Replication |Instances |
+-+--------------+------------+----------+
+-+--------------+------------+----------+
---------------------------------------------------------------------------------
Start Rebuilding User Hierarchy
---------------------------------------------------------------------------------
---------------------------------------------------------------------------------
Finished Rebuilding User Hierarchy : Time (s): cpu = 00:00:39 ; elapsed = 00:01:06 . Memory (MB): peak = 744.867 ; gain = 534.559
---------------------------------------------------------------------------------
---------------------------------------------------------------------------------
Start Renaming Generated Ports
---------------------------------------------------------------------------------
---------------------------------------------------------------------------------
Finished Renaming Generated Ports : Time (s): cpu = 00:00:39 ; elapsed = 00:01:06 . Memory (MB): peak = 744.867 ; gain = 534.559
---------------------------------------------------------------------------------
---------------------------------------------------------------------------------
Start Handling Custom Attributes
---------------------------------------------------------------------------------
---------------------------------------------------------------------------------
Finished Handling Custom Attributes : Time (s): cpu = 00:00:39 ; elapsed = 00:01:06 . Memory (MB): peak = 744.867 ; gain = 534.559
---------------------------------------------------------------------------------
---------------------------------------------------------------------------------
Start Renaming Generated Nets
---------------------------------------------------------------------------------
---------------------------------------------------------------------------------
Finished Renaming Generated Nets : Time (s): cpu = 00:00:39 ; elapsed = 00:01:06 . Memory (MB): peak = 744.867 ; gain = 534.559
---------------------------------------------------------------------------------
---------------------------------------------------------------------------------
Start Writing Synthesis Report
---------------------------------------------------------------------------------

Report BlackBoxes: 
+------+---------------------------------------+----------+
|      |BlackBox name                          |Instances |
+------+---------------------------------------+----------+
|1     |system_ieee754_fp_adder_subtractor_0_0 |         1|
|2     |system_ieee754_fp_adder_subtractor_0_1 |         1|
|3     |system_ieee754_fp_to_uint_0_0          |         1|
|4     |system_ieee754_fp_to_uint_0_1          |         1|
+------+---------------------------------------+----------+

Report Cell Usage: 
+------+--------------------------------------------+------+
|      |Cell                                        |Count |
+------+--------------------------------------------+------+
|1     |system_ieee754_fp_adder_subtractor_0_0_bbox |     1|
|2     |system_ieee754_fp_adder_subtractor_0_1_bbox |     1|
|3     |system_ieee754_fp_to_uint_0_0_bbox          |     1|
|4     |system_ieee754_fp_to_uint_0_1_bbox          |     1|
|5     |CARRY4                                      |    98|
|6     |DSP48E1                                     |     8|
|7     |LUT1                                        |    78|
|8     |LUT2                                        |   248|
|9     |LUT3                                        |   138|
|10    |LUT4                                        |   282|
|11    |LUT5                                        |   390|
|12    |LUT6                                        |   920|
|13    |FDRE                                        |    40|
+------+--------------------------------------------+------+

Report Instance Areas: 
+------+------------------------------+---------------------------------+------+
|      |Instance                      |Module                           |Cells |
+------+------------------------------+---------------------------------+------+
|1     |top                           |                                 |  2286|
|2     |  U0                          |affine_transform                 |  2286|
|3     |    U1                        |system                           |  2220|
|4     |      ieee754_fp_multiplier_0 |system_ieee754_fp_multiplier_0_0 |   496|
|5     |        U0                    |ieee754_fp_multiplier_3          |   455|
|6     |      ieee754_fp_multiplier_1 |system_ieee754_fp_multiplier_0_1 |   496|
|7     |        U0                    |ieee754_fp_multiplier_2          |   455|
|8     |      ieee754_fp_multiplier_2 |system_ieee754_fp_multiplier_1_0 |   496|
|9     |        U0                    |ieee754_fp_multiplier_1          |   455|
|10    |      ieee754_fp_multiplier_3 |system_ieee754_fp_multiplier_2_0 |   496|
|11    |        U0                    |ieee754_fp_multiplier            |   455|
|12    |      uint_to_ieee754_fp_0    |system_uint_to_ieee754_fp_0_0    |    76|
|13    |        U0                    |uint_to_ieee754_fp_0             |    58|
|14    |      uint_to_ieee754_fp_1    |system_uint_to_ieee754_fp_0_1    |    76|
|15    |        U0                    |uint_to_ieee754_fp               |    58|
+------+------------------------------+---------------------------------+------+
---------------------------------------------------------------------------------
Finished Writing Synthesis Report : Time (s): cpu = 00:00:39 ; elapsed = 00:01:06 . Memory (MB): peak = 744.867 ; gain = 534.559
---------------------------------------------------------------------------------
Synthesis finished with 0 errors, 0 critical warnings and 3 warnings.
Synthesis Optimization Runtime : Time (s): cpu = 00:00:26 ; elapsed = 00:00:30 . Memory (MB): peak = 744.867 ; gain = 174.938
Synthesis Optimization Complete : Time (s): cpu = 00:00:39 ; elapsed = 00:01:06 . Memory (MB): peak = 744.867 ; gain = 534.559
INFO: [Project 1-571] Translating synthesized netlist
INFO: [Netlist 29-17] Analyzing 106 Unisim elements for replacement
INFO: [Netlist 29-28] Unisim Transformation completed in 0 CPU seconds
INFO: [Project 1-570] Preparing netlist for logic optimization
Parsing XDC File [c:/Zybo-Open-Source-Video-IP-Toolbox/video_processing_examples/affine_transform_demo/affine_transform_demo.srcs/sources_1/bd/system/ip/system_affine_transform_0_1/bd/system/system_ooc.xdc] for cell 'U0/U1'
Finished Parsing XDC File [c:/Zybo-Open-Source-Video-IP-Toolbox/video_processing_examples/affine_transform_demo/affine_transform_demo.srcs/sources_1/bd/system/ip/system_affine_transform_0_1/bd/system/system_ooc.xdc] for cell 'U0/U1'
INFO: [Opt 31-138] Pushed 0 inverter(s) to 0 load pin(s).
INFO: [Project 1-111] Unisim Transformation Summary:
No Unisim elements were transformed.

INFO: [Common 17-83] Releasing license: Synthesis
86 Infos, 9 Warnings, 0 Critical Warnings and 0 Errors encountered.
synth_design completed successfully
synth_design: Time (s): cpu = 00:00:36 ; elapsed = 00:01:02 . Memory (MB): peak = 744.867 ; gain = 471.723
INFO: [Common 17-1381] The checkpoint 'C:/Zybo-Open-Source-Video-IP-Toolbox/video_processing_examples/affine_transform_demo/affine_transform_demo.runs/system_affine_transform_0_1_synth_1/system_affine_transform_0_1.dcp' has been generated.
